[2019-12-15 01:49:53 +0000] [24680] [INFO] Starting gunicorn 19.9.0
[2019-12-15 01:49:53 +0000] [24680] [INFO] Listening at: http://0.0.0.0:8080 (24680)
[2019-12-15 01:49:53 +0000] [24680] [INFO] Using worker: sync
[2019-12-15 01:49:53 +0000] [24683] [INFO] Booting worker with pid: 24683
USED THREADS 1
ANALYZING CHROMOSOME chrM (Total progress: 1.3%)
ANALYZING CHROMOSOME chr8 (Total progress: 2.7%)
ANALYZING CHROMOSOME chr3 (Total progress: 4.0%)
ANALYZING CHROMOSOME chr2 (Total progress: 5.3%)
ANALYZING CHROMOSOME chr16 (Total progress: 6.7%)
ANALYZING CHROMOSOME chr22 (Total progress: 8.0%)
ANALYZING CHROMOSOME chr17 (Total progress: 9.3%)
ANALYZING CHROMOSOME chr1 (Total progress: 10.7%)
ANALYZING CHROMOSOME chr7 (Total progress: 12.0%)
ANALYZING CHROMOSOME chr6 (Total progress: 13.3%)
ANALYZING CHROMOSOME chrY (Total progress: 14.7%)
ANALYZING CHROMOSOME chr4 (Total progress: 16.0%)
ANALYZING CHROMOSOME chr20 (Total progress: 17.3%)
ANALYZING CHROMOSOME chr18 (Total progress: 18.7%)
ANALYZING CHROMOSOME chr5 (Total progress: 20.0%)
ANALYZING CHROMOSOME chr9 (Total progress: 21.3%)
ANALYZING CHROMOSOME chr19 (Total progress: 22.7%)
ANALYZING CHROMOSOME chr12 (Total progress: 24.0%)
ANALYZING CHROMOSOME chr21 (Total progress: 25.3%)
ANALYZING CHROMOSOME chrX (Total progress: 26.7%)
ANALYZING CHROMOSOME chr13 (Total progress: 28.0%)
ANALYZING CHROMOSOME chrX (Total progress: 29.3%)
ANALYZING CHROMOSOME chr15 (Total progress: 30.7%)
ANALYZING CHROMOSOME chrX (Total progress: 32.0%)
ANALYZING CHROMOSOME chr7 (Total progress: 33.3%)
ANALYZING CHROMOSOME chr1 (Total progress: 34.7%)
ANALYZING CHROMOSOME chr1 (Total progress: 36.0%)
ANALYZING CHROMOSOME chr1 (Total progress: 37.3%)
ANALYZING CHROMOSOME chr14 (Total progress: 38.7%)
ANALYZING CHROMOSOME chr17 (Total progress: 40.0%)
ANALYZING CHROMOSOME chr19 (Total progress: 41.3%)
ANALYZING CHROMOSOME chr10 (Total progress: 42.7%)
ANALYZING CHROMOSOME chr1 (Total progress: 44.0%)
ANALYZING CHROMOSOME chr1 (Total progress: 45.3%)
ANALYZING CHROMOSOME chr2 (Total progress: 46.7%)
ANALYZING CHROMOSOME chr5 (Total progress: 48.0%)
ANALYZING CHROMOSOME chr3 (Total progress: 49.3%)
ANALYZING CHROMOSOME chr6 (Total progress: 50.7%)
ANALYZING CHROMOSOME chr17 (Total progress: 52.0%)
ANALYZING CHROMOSOME chr9 (Total progress: 53.3%)
ANALYZING CHROMOSOME chr2 (Total progress: 54.7%)
ANALYZING CHROMOSOME chr4 (Total progress: 56.0%)
ANALYZING CHROMOSOME chr2 (Total progress: 57.3%)
ANALYZING CHROMOSOME chr12 (Total progress: 58.7%)
ANALYZING CHROMOSOME chr7 (Total progress: 60.0%)
ANALYZING CHROMOSOME chr10 (Total progress: 61.3%)
ANALYZING CHROMOSOME chr16 (Total progress: 62.7%)
ANALYZING CHROMOSOME chr9 (Total progress: 64.0%)
ANALYZING CHROMOSOME chr8 (Total progress: 65.3%)
ANALYZING CHROMOSOME chr11 (Total progress: 66.7%)
ANALYZING CHROMOSOME chr2 (Total progress: 68.0%)
ANALYZING CHROMOSOME chr15 (Total progress: 69.3%)
ANALYZING CHROMOSOME chr5 (Total progress: 70.7%)
ANALYZING CHROMOSOME chr4 (Total progress: 72.0%)
ANALYZING CHROMOSOME chr16 (Total progress: 73.3%)
ANALYZING CHROMOSOME chr3 (Total progress: 74.7%)
ANALYZING CHROMOSOME chr12 (Total progress: 76.0%)
ANALYZING CHROMOSOME chr7 (Total progress: 77.3%)
ANALYZING CHROMOSOME chr6 (Total progress: 78.7%)
ANALYZING CHROMOSOME chr3 (Total progress: 80.0%)
ANALYZING CHROMOSOME chr2 (Total progress: 81.3%)
ANALYZING CHROMOSOME chr5 (Total progress: 82.7%)
ANALYZING CHROMOSOME chr22 (Total progress: 84.0%)
ANALYZING CHROMOSOME chr4 (Total progress: 85.3%)
ANALYZING CHROMOSOME chr3 (Total progress: 86.7%)
ANALYZING CHROMOSOME chr10 (Total progress: 88.0%)
ANALYZING CHROMOSOME chr18 (Total progress: 89.3%)
ANALYZING CHROMOSOME chr11 (Total progress: 90.7%)
ANALYZING CHROMOSOME chr11 (Total progress: 92.0%)
ANALYZING CHROMOSOME chr14 (Total progress: 93.3%)
ANALYZING CHROMOSOME chr8 (Total progress: 94.7%)
ANALYZING CHROMOSOME chr6 (Total progress: 96.0%)
ANALYZING CHROMOSOME chr20 (Total progress: 97.3%)
ANALYZING CHROMOSOME chr13 (Total progress: 98.7%)
ANALYZING CHROMOSOME chr8 (Total progress: 100.0%)
-----------------------
TOTAL TIME:	406.1
Search START
Search END
Search runtime: 406.42727851867676 seconds
USED THREADS 1
ANALYZING CHROMOSOME chr16 (Total progress: 1.4%)
ANALYZING CHROMOSOME chrM (Total progress: 2.8%)
ANALYZING CHROMOSOME chr22 (Total progress: 4.2%)
ANALYZING CHROMOSOME chr17 (Total progress: 5.6%)
ANALYZING CHROMOSOME chr7 (Total progress: 7.0%)
ANALYZING CHROMOSOME chr6 (Total progress: 8.5%)
ANALYZING CHROMOSOME chr4 (Total progress: 9.9%)
ANALYZING CHROMOSOME chr5 (Total progress: 11.3%)
ANALYZING CHROMOSOME chrY (Total progress: 12.7%)
ANALYZING CHROMOSOME chr20 (Total progress: 14.1%)
ANALYZING CHROMOSOME chr18 (Total progress: 15.5%)
ANALYZING CHROMOSOME chr9 (Total progress: 16.9%)
ANALYZING CHROMOSOME chr19 (Total progress: 18.3%)
ANALYZING CHROMOSOME chr12 (Total progress: 19.7%)
ANALYZING CHROMOSOME chr13 (Total progress: 21.1%)
ANALYZING CHROMOSOME chr2 (Total progress: 22.5%)
ANALYZING CHROMOSOME chr15 (Total progress: 23.9%)
ANALYZING CHROMOSOME chr21 (Total progress: 25.4%)
ANALYZING CHROMOSOME chr10 (Total progress: 26.8%)
ANALYZING CHROMOSOME chr3 (Total progress: 28.2%)
ANALYZING CHROMOSOME chr14 (Total progress: 29.6%)
ANALYZING CHROMOSOME chr8 (Total progress: 31.0%)
ANALYZING CHROMOSOME chr11 (Total progress: 32.4%)
ANALYZING CHROMOSOME chrX (Total progress: 33.8%)
ANALYZING CHROMOSOME chr1 (Total progress: 35.2%)
ANALYZING CHROMOSOME chr7 (Total progress: 36.6%)
ANALYZING CHROMOSOME chr1 (Total progress: 38.0%)
ANALYZING CHROMOSOME chrX (Total progress: 39.4%)
ANALYZING CHROMOSOME chr1 (Total progress: 40.8%)
ANALYZING CHROMOSOME chr1 (Total progress: 42.3%)
ANALYZING CHROMOSOME chr19 (Total progress: 43.7%)
ANALYZING CHROMOSOME chr7 (Total progress: 45.1%)
ANALYZING CHROMOSOME chr3 (Total progress: 46.5%)
ANALYZING CHROMOSOME chr17 (Total progress: 47.9%)
ANALYZING CHROMOSOME chr4 (Total progress: 49.3%)
ANALYZING CHROMOSOME chr17 (Total progress: 50.7%)
ANALYZING CHROMOSOME chr5 (Total progress: 52.1%)
ANALYZING CHROMOSOME chr5 (Total progress: 53.5%)
ANALYZING CHROMOSOME chr2 (Total progress: 54.9%)
ANALYZING CHROMOSOME chr2 (Total progress: 56.3%)
ANALYZING CHROMOSOME chr6 (Total progress: 57.7%)
ANALYZING CHROMOSOME chr9 (Total progress: 59.2%)
ANALYZING CHROMOSOME chrX (Total progress: 60.6%)
ANALYZING CHROMOSOME chr4 (Total progress: 62.0%)
ANALYZING CHROMOSOME chr2 (Total progress: 63.4%)
ANALYZING CHROMOSOME chr12 (Total progress: 64.8%)
ANALYZING CHROMOSOME chr16 (Total progress: 66.2%)
ANALYZING CHROMOSOME chr16 (Total progress: 67.6%)
ANALYZING CHROMOSOME chr8 (Total progress: 69.0%)
ANALYZING CHROMOSOME chr6 (Total progress: 70.4%)
ANALYZING CHROMOSOME chr10 (Total progress: 71.8%)
ANALYZING CHROMOSOME chr9 (Total progress: 73.2%)
ANALYZING CHROMOSOME chr1 (Total progress: 74.6%)
ANALYZING CHROMOSOME chr11 (Total progress: 76.1%)
ANALYZING CHROMOSOME chr3 (Total progress: 77.5%)
ANALYZING CHROMOSOME chr15 (Total progress: 78.9%)
ANALYZING CHROMOSOME chr7 (Total progress: 80.3%)
ANALYZING CHROMOSOME chr2 (Total progress: 81.7%)
ANALYZING CHROMOSOME chr12 (Total progress: 83.1%)
ANALYZING CHROMOSOME chr22 (Total progress: 84.5%)
ANALYZING CHROMOSOME chr5 (Total progress: 85.9%)
ANALYZING CHROMOSOME chr10 (Total progress: 87.3%)
ANALYZING CHROMOSOME chr4 (Total progress: 88.7%)
ANALYZING CHROMOSOME chr3 (Total progress: 90.1%)
ANALYZING CHROMOSOME chr14 (Total progress: 91.5%)
ANALYZING CHROMOSOME chr11 (Total progress: 93.0%)
ANALYZING CHROMOSOME chr18 (Total progress: 94.4%)
ANALYZING CHROMOSOME chr8 (Total progress: 95.8%)
ANALYZING CHROMOSOME chr6 (Total progress: 97.2%)
ANALYZING CHROMOSOME chr20 (Total progress: 98.6%)
ANALYZING CHROMOSOME chr13 (Total progress: 100.0%)
-----------------------
TOTAL TIME:	289.1
Search START
Search END
Search runtime: 289.2877724170685 seconds
Start cluster var
Created 'Total' and 'Position Cluster' columns: 1.2693614959716797
Targets sorted: 0.513545036315918
Start clustering
Clustering runtime: 1.2495758533477783 seconds
End cluster var
Start extraction top1 var
End extraction top1 var
Start annotation var
READING INPUT FILES
EXECUTING PRELIMINARY OPERATIONS
PRELIMINARY OPERATIONS COMPLETED IN: 46.89495921134949 seconds
EXECUTING ANNOTATION
Annotation: Total progress 10.0%
Annotation: Total progress 20.0%
Annotation: Total progress 30.0%
Annotation: Total progress 40.0%
Annotation: Total progress 50.0%
Annotation: Total progress 60.0%
Annotation: Total progress 70.0%
Annotation: Total progress 80.0%
Annotation: Total progress 90.0%
Annotation: Total progress 100.0%
Annotation: Total progress 100%
ANNOTATION COMPLETED IN: 14.514174461364746 seconds
Annotation START
Annotation END
Annotation runtime: 63.28553533554077 seconds
End annotation var
Start cluster ref
Created 'Total' and 'Position Cluster' columns: 0.8340814113616943
Targets sorted: 0.3367776870727539
Start clustering
Clustering runtime: 0.8456032276153564 seconds
End cluster ref
Start extraction top1 ref
End extraction top1 ref
Start annotation ref
READING INPUT FILES
EXECUTING PRELIMINARY OPERATIONS
PRELIMINARY OPERATIONS COMPLETED IN: 46.41383743286133 seconds
EXECUTING ANNOTATION
Annotation: Total progress 10.0%
Annotation: Total progress 20.0%
Annotation: Total progress 30.0%
Annotation: Total progress 40.0%
Annotation: Total progress 50.0%
Annotation: Total progress 60.0%
Annotation: Total progress 70.0%
Annotation: Total progress 80.0%
Annotation: Total progress 90.0%
Annotation: Total progress 100.0%
Annotation: Total progress 100%
ANNOTATION COMPLETED IN: 10.089242219924927 seconds
Annotation START
Annotation END
Annotation runtime: 58.291558027267456 seconds
End annotation ref
Post Process start
Start Scoring
End Scoring
Start creation semicommon, common, unique
End creation semicommon, common, unique
Start cluster common
Created 'Total' and 'Position Cluster' columns: 0.4425926208496094
Targets sorted: 0.23656654357910156
Start clustering
Clustering runtime: 0.5687615871429443 seconds
End cluster common
Start top1 extraction common
End top1 extraction common
Start cluster semicommon
Created 'Total' and 'Position Cluster' columns: 2.032947540283203
Targets sorted: 0.9071183204650879
Start clustering
Clustering runtime: 1.4781677722930908 seconds
End cluster semicommon
Start cluster unique
Created 'Total' and 'Position Cluster' columns: 0.2818007469177246
Targets sorted: 0.194993257522583
Start clustering
Clustering runtime: 0.3531935214996338 seconds
End cluster unique
Start pam analysis
End pam analysis
Start pam creation
Created bedfile: 0.17764878273010254
Bedtools DONE: 2.5833609104156494
Done 0.35785865783691406
End pam creation
Start summary by guide and position
End summary by guide and position
Start top 1 extraction
End top 1 extraction
Start sort
End sort
Start calc samples
Done  no
Load chr1 done 48.83888053894043
Done  chr1
Load chr10 done 29.70915651321411
Done  chr10
Load chr11 done 29.758826971054077
Done  chr11
Load chr12 done 27.68026113510132
Done  chr12
Load chr13 done 20.762085676193237
Done  chr13
Load chr14 done 17.33347725868225
Done  chr14
Load chr15 done 17.15448832511902
Done  chr15
Load chr16 done 16.8343026638031
Done  chr16
Load chr17 done 14.364073753356934
Done  chr17
Load chr18 done 15.780094146728516
Done  chr18
Load chr19 done 11.553842782974243
Done  chr19
Load chr2 done 47.499244928359985
Done  chr2
Load chr20 done 13.455400466918945
Done  chr20
Load chr21 done 7.291636943817139
Done  chr21
Load chr22 done 6.3515305519104
Done  chr22
Load chr3 done 40.59294247627258
Done  chr3
Load chr4 done 44.07635021209717
Done  chr4
Load chr5 done 33.568761348724365
Done  chr5
Load chr6 done 38.008347511291504
Done  chr6
Load chr7 done 31.300661325454712
Done  chr7
Load chr8 done 31.09248638153076
Done  chr8
Load chr9 done 23.52740716934204
Done  chr9
Load chrX done 1.3404276371002197
Done
0
End calc samples
Start summary by samples
End summary by samples
Start annotation samples
End annotation samples
Start creating final file
End creating final file
Post Process done
USED THREADS 8
ANALYZING CHROMOSOME chr8 (Total progress: 3.8%)
ANALYZING CHROMOSOME chr4 (Total progress: 7.7%)
ANALYZING CHROMOSOME chr14 (Total progress: 11.5%)
ANALYZING CHROMOSOME chrY (Total progress: 15.4%)
ANALYZING CHROMOSOME chr7 (Total progress: 19.2%)
ANALYZING CHROMOSOME chr1 (Total progress: 23.1%)
ANALYZING CHROMOSOME chr1 (Total progress: 26.9%)
ANALYZING CHROMOSOME chr6 (Total progress: 30.8%)
ANALYZING CHROMOSOME chr21 (Total progress: 34.6%)
ANALYZING CHROMOSOME chr16 (Total progress: 38.5%)
ANALYZING CHROMOSOME chr11 (Total progress: 42.3%)
ANALYZING CHROMOSOME chr2 (Total progress: 46.2%)
ANALYZING CHROMOSOME chr3 (Total progress: 50.0%)
ANALYZING CHROMOSOME chr22 (Total progress: 53.8%)
ANALYZING CHROMOSOME chr17 (Total progress: 57.7%)
ANALYZING CHROMOSOME chr20 (Total progress: 61.5%)
ANALYZING CHROMOSOME chr5 (Total progress: 65.4%)
ANALYZING CHROMOSOME chr13 (Total progress: 69.2%)
ANALYZING CHROMOSOME chr18 (Total progress: 73.1%)
ANALYZING CHROMOSOME chr9 (Total progress: 76.9%)
ANALYZING CHROMOSOME chrX (Total progress: 80.8%)
ANALYZING CHROMOSOME chr12 (Total progress: 84.6%)
ANALYZING CHROMOSOME chr15 (Total progress: 88.5%)
ANALYZING CHROMOSOME chrM (Total progress: 92.3%)
ANALYZING CHROMOSOME chr19 (Total progress: 96.2%)
ANALYZING CHROMOSOME chr10 (Total progress: 100.0%)
TOTAL TIME: 40.1
Search START
Search END
Search runtime: 40.37877583503723 seconds
USED THREADS 8
ANALYZING CHROMOSOME chr19 (Total progress: 2.0%)
ANALYZING CHROMOSOME chr20 (Total progress: 4.0%)
ANALYZING CHROMOSOME chr20 (Total progress: 6.0%)
ANALYZING CHROMOSOME chrY (Total progress: 8.0%)
ANALYZING CHROMOSOME chr7 (Total progress: 10.0%)
ANALYZING CHROMOSOME chr5 (Total progress: 12.0%)
ANALYZING CHROMOSOME chr22 (Total progress: 14.0%)
ANALYZING CHROMOSOME chr22 (Total progress: 16.0%)
ANALYZING CHROMOSOME chr22 (Total progress: 18.0%)
ANALYZING CHROMOSOME chrX (Total progress: 20.0%)
ANALYZING CHROMOSOME chr6 (Total progress: 22.0%)
ANALYZING CHROMOSOME chr8 (Total progress: 24.0%)
ANALYZING CHROMOSOME chr3 (Total progress: 26.0%)
ANALYZING CHROMOSOME chr3 (Total progress: 28.0%)
ANALYZING CHROMOSOME chr3 (Total progress: 30.0%)
ANALYZING CHROMOSOME chr3 (Total progress: 32.0%)
ANALYZING CHROMOSOME chr14 (Total progress: 34.0%)
ANALYZING CHROMOSOME chr14 (Total progress: 36.0%)
ANALYZING CHROMOSOME chr14 (Total progress: 38.0%)
ANALYZING CHROMOSOME chr16 (Total progress: 40.0%)
ANALYZING CHROMOSOME chr1 (Total progress: 42.0%)
ANALYZING CHROMOSOME chr1 (Total progress: 44.0%)
ANALYZING CHROMOSOME chr21 (Total progress: 46.0%)
ANALYZING CHROMOSOME chr21 (Total progress: 48.0%)
ANALYZING CHROMOSOME chr21 (Total progress: 50.0%)
ANALYZING CHROMOSOME chr21 (Total progress: 52.0%)
ANALYZING CHROMOSOME chr21 (Total progress: 54.0%)
ANALYZING CHROMOSOME chr21 (Total progress: 56.0%)
ANALYZING CHROMOSOME chr11 (Total progress: 58.0%)
ANALYZING CHROMOSOME chr12 (Total progress: 60.0%)
ANALYZING CHROMOSOME chr12 (Total progress: 62.0%)
ANALYZING CHROMOSOME chr2 (Total progress: 64.0%)
ANALYZING CHROMOSOME chr17 (Total progress: 66.0%)
ANALYZING CHROMOSOME chr17 (Total progress: 68.0%)
ANALYZING CHROMOSOME chr10 (Total progress: 70.0%)
ANALYZING CHROMOSOME chr10 (Total progress: 72.0%)
ANALYZING CHROMOSOME chr15 (Total progress: 74.0%)
ANALYZING CHROMOSOME chr15 (Total progress: 76.0%)
ANALYZING CHROMOSOME chr13 (Total progress: 78.0%)
ANALYZING CHROMOSOME chr13 (Total progress: 80.0%)
ANALYZING CHROMOSOME chr13 (Total progress: 82.0%)
ANALYZING CHROMOSOME chr9 (Total progress: 84.0%)
ANALYZING CHROMOSOME chrM (Total progress: 86.0%)
ANALYZING CHROMOSOME chr4 (Total progress: 88.0%)
ANALYZING CHROMOSOME chr4 (Total progress: 90.0%)
ANALYZING CHROMOSOME chr4 (Total progress: 92.0%)
ANALYZING CHROMOSOME chr4 (Total progress: 94.0%)
ANALYZING CHROMOSOME chr4 (Total progress: 96.0%)
ANALYZING CHROMOSOME chr4 (Total progress: 98.0%)
ANALYZING CHROMOSOME chr18 (Total progress: 100.0%)
TOTAL TIME: 32.4
Search START
Search END
Search runtime: 32.594977617263794 seconds
Start cluster var
Created 'Total' and 'Position Cluster' columns: 0.0012865066528320312
Targets sorted: 0.00028395652770996094
Start clustering
Clustering runtime: 0.001851797103881836 seconds
End cluster var
Start extraction top1 var
End extraction top1 var
Start annotation var
READING INPUT FILES
EXECUTING PRELIMINARY OPERATIONS
PRELIMINARY OPERATIONS COMPLETED IN: 49.74276280403137 seconds
EXECUTING ANNOTATION
Annotation: Total progress 9.96%
Annotation: Total progress 19.91%
Annotation: Total progress 29.87%
Annotation: Total progress 39.83%
Annotation: Total progress 49.78%
Annotation: Total progress 59.74%
Annotation: Total progress 69.7%
Annotation: Total progress 79.65%
Annotation: Total progress 89.61%
Annotation: Total progress 99.57%
Annotation: Total progress 100%
ANNOTATION COMPLETED IN: 0.0687105655670166 seconds
Annotation START
Annotation END
Annotation runtime: 52.431455850601196 seconds
End annotation var
Start cluster ref
Created 'Total' and 'Position Cluster' columns: 0.001001596450805664
Targets sorted: 0.00024008750915527344
Start clustering
Clustering runtime: 0.0016546249389648438 seconds
End cluster ref
Start extraction top1 ref
End extraction top1 ref
Start annotation ref
READING INPUT FILES
EXECUTING PRELIMINARY OPERATIONS
PRELIMINARY OPERATIONS COMPLETED IN: 48.833136320114136 seconds
EXECUTING ANNOTATION
Annotation: Total progress 9.74%
Annotation: Total progress 19.48%
Annotation: Total progress 29.23%
Annotation: Total progress 38.97%
Annotation: Total progress 48.71%
Annotation: Total progress 58.45%
Annotation: Total progress 68.19%
Annotation: Total progress 77.94%
Annotation: Total progress 87.68%
Annotation: Total progress 97.42%
Annotation: Total progress 100%
ANNOTATION COMPLETED IN: 0.04756975173950195 seconds
Annotation START
Annotation END
Annotation runtime: 51.03129482269287 seconds
End annotation ref
Post Process start
Start Scoring
End Scoring
Start creation semicommon, common, unique
End creation semicommon, common, unique
Start cluster common
Created 'Total' and 'Position Cluster' columns: 0.0005838871002197266
Targets sorted: 0.0001227855682373047
Start clustering
Clustering runtime: 0.0005757808685302734 seconds
End cluster common
Start top1 extraction common
End top1 extraction common
Start cluster semicommon
Created 'Total' and 'Position Cluster' columns: 0.0019085407257080078
Targets sorted: 0.0010809898376464844
Start clustering
Clustering runtime: 0.0014081001281738281 seconds
End cluster semicommon
Start cluster unique
Created 'Total' and 'Position Cluster' columns: 0.00042319297790527344
Targets sorted: 0.0001518726348876953
Start clustering
Clustering runtime: 0.0004203319549560547 seconds
End cluster unique
Start pam analysis
End pam analysis
Start pam creation
sed: can't read tmp_seq/*_seq.txt: No such file or directory
Created bedfile: 0.0002682209014892578
Bedtools DONE: 0.06506156921386719
Done 0.0008037090301513672
End pam creation
Start summary by guide and position
End summary by guide and position
Start top 1 extraction
End top 1 extraction
Start sort
End sort
Start calc samples
Done  no
Load chr1 done 59.09756946563721
Done  chr1
Load chr10 done 35.1614043712616
Done  chr10
Load chr11 done 32.831040143966675
Done  chr11
Load chr12 done 29.349546194076538
Done  chr12
Load chr13 done 22.788024187088013
Done  chr13
Load chr14 done 19.586071729660034
Done  chr14
Load chr15 done 17.218559980392456
Done  chr15
Load chr16 done 18.587373971939087
Done  chr16
Load chr17 done 15.969805240631104
Done  chr17
Load chr18 done 18.519301176071167
Done  chr18
Load chr19 done 13.380883932113647
Done  chr19
Load chr2 done 57.19592761993408
Done  chr2
Load chr20 done 14.778961658477783
Done  chr20
Load chr21 done 8.291602611541748
Done  chr21
Load chr22 done 8.278178691864014
Done  chr22
Load chr3 done 46.544817209243774
Done  chr3
Load chr4 done 49.59909224510193
Done  chr4
Load chr5 done 39.69610929489136
Done  chr5
Load chr6 done 41.49571967124939
Done  chr6
Load chr7 done 37.879997968673706
Done  chr7
Load chr8 done 35.34144830703735
Done  chr8
Load chr9 done 26.96248173713684
Done  chr9
Load chrX done 1.4091579914093018
Done
0
End calc samples
Start summary by samples
End summary by samples
Start annotation samples
End annotation samples
Start creating final file
End creating final file
Post Process done
num target: targets 4
numtarget: ['CTCF', '0', '0', '0', '0', '1', '4', '0', '0', '0', '0'] 0
numtarget: ['dnase', '0', '0', '0', '6', '52', '385', '0', '0', '0', '0'] 0
numtarget: ['exon', '0', '0', '0', '2', '16', '207', '0', '0', '0', '0'] 0
numtarget: ['intron', '0', '0', '0', '17', '120', '1177', '0', '0', '0', '0'] 2
numtarget: ['promoter', '0', '0', '0', '10', '89', '736', '0', '0', '0', '0'] 2
[2019-12-15 11:42:28 +0000] [24680] [INFO] Handling signal: term
[2019-12-15 11:42:28 +0000] [24683] [INFO] Worker exiting (pid: 24683)
Grep e load: 0.2549865245819092
qui
qui
qui
qui
qui
Grep e load: 0.007907867431640625
qui
qui
qui
qui
qui
qui
qui
qui
qui
qui
qui
qui
qui
qui
qui
qui
qui
qui
qui
qui
qui
qui
qui
qui
qui
qui
qui
qui
qui
qui
qui
qui
qui
qui
qui
qui
qui
qui
qui
qui
qui
qui
qui
qui
qui
qui
qui
qui
qui
qui
Grep e load: 1.551832675933838
qui
qui
Grep e load: 0.06531953811645508
qui
qui
qui
qui
qui
qui
qui
qui
qui
qui
Grep e load: 0.06560516357421875
qui
qui
qui
qui
qui
qui
qui
qui
qui
qui
qui
qui
qui
qui
qui
qui
qui
qui
qui
qui
qui
qui
qui
qui
qui
qui
qui
qui
Grep e load: 1.0160562992095947
qui
qui
qui
qui
qui
qui
qui
[2019-12-15 11:42:28 +0000] [24680] [INFO] Shutting down: Master
[2019-12-16 06:56:21 +0000] [13893] [INFO] Starting gunicorn 19.9.0
[2019-12-16 06:56:21 +0000] [13893] [INFO] Listening at: http://0.0.0.0:8080 (13893)
[2019-12-16 06:56:21 +0000] [13893] [INFO] Using worker: sync
[2019-12-16 06:56:21 +0000] [13896] [INFO] Booting worker with pid: 13896
USED THREADS 1
ANALYZING CHROMOSOME chrM (Total progress: 1.3%)
ANALYZING CHROMOSOME chr8 (Total progress: 2.7%)
ANALYZING CHROMOSOME chr3 (Total progress: 4.0%)
ANALYZING CHROMOSOME chr2 (Total progress: 5.3%)
ANALYZING CHROMOSOME chr16 (Total progress: 6.7%)
ANALYZING CHROMOSOME chr22 (Total progress: 8.0%)
ANALYZING CHROMOSOME chr17 (Total progress: 9.3%)
ANALYZING CHROMOSOME chr1 (Total progress: 10.7%)
ANALYZING CHROMOSOME chr7 (Total progress: 12.0%)
ANALYZING CHROMOSOME chr6 (Total progress: 13.3%)
ANALYZING CHROMOSOME chrY (Total progress: 14.7%)
ANALYZING CHROMOSOME chr4 (Total progress: 16.0%)
ANALYZING CHROMOSOME chr20 (Total progress: 17.3%)
ANALYZING CHROMOSOME chr18 (Total progress: 18.7%)
ANALYZING CHROMOSOME chr5 (Total progress: 20.0%)
ANALYZING CHROMOSOME chr9 (Total progress: 21.3%)
ANALYZING CHROMOSOME chr19 (Total progress: 22.7%)
ANALYZING CHROMOSOME chr12 (Total progress: 24.0%)
ANALYZING CHROMOSOME chr21 (Total progress: 25.3%)
ANALYZING CHROMOSOME chrX (Total progress: 26.7%)
ANALYZING CHROMOSOME chr13 (Total progress: 28.0%)
ANALYZING CHROMOSOME chrX (Total progress: 29.3%)
ANALYZING CHROMOSOME chr15 (Total progress: 30.7%)
ANALYZING CHROMOSOME chrX (Total progress: 32.0%)
ANALYZING CHROMOSOME chr7 (Total progress: 33.3%)
ANALYZING CHROMOSOME chr1 (Total progress: 34.7%)
ANALYZING CHROMOSOME chr1 (Total progress: 36.0%)
ANALYZING CHROMOSOME chr1 (Total progress: 37.3%)
ANALYZING CHROMOSOME chr14 (Total progress: 38.7%)
ANALYZING CHROMOSOME chr17 (Total progress: 40.0%)
ANALYZING CHROMOSOME chr19 (Total progress: 41.3%)
ANALYZING CHROMOSOME chr10 (Total progress: 42.7%)
ANALYZING CHROMOSOME chr1 (Total progress: 44.0%)
ANALYZING CHROMOSOME chr1 (Total progress: 45.3%)
ANALYZING CHROMOSOME chr2 (Total progress: 46.7%)
ANALYZING CHROMOSOME chr5 (Total progress: 48.0%)
ANALYZING CHROMOSOME chr3 (Total progress: 49.3%)
ANALYZING CHROMOSOME chr6 (Total progress: 50.7%)
ANALYZING CHROMOSOME chr17 (Total progress: 52.0%)
ANALYZING CHROMOSOME chr9 (Total progress: 53.3%)
ANALYZING CHROMOSOME chr2 (Total progress: 54.7%)
ANALYZING CHROMOSOME chr4 (Total progress: 56.0%)
ANALYZING CHROMOSOME chr2 (Total progress: 57.3%)
ANALYZING CHROMOSOME chr12 (Total progress: 58.7%)
ANALYZING CHROMOSOME chr7 (Total progress: 60.0%)
ANALYZING CHROMOSOME chr10 (Total progress: 61.3%)
ANALYZING CHROMOSOME chr16 (Total progress: 62.7%)
ANALYZING CHROMOSOME chr9 (Total progress: 64.0%)
ANALYZING CHROMOSOME chr8 (Total progress: 65.3%)
ANALYZING CHROMOSOME chr11 (Total progress: 66.7%)
ANALYZING CHROMOSOME chr2 (Total progress: 68.0%)
ANALYZING CHROMOSOME chr15 (Total progress: 69.3%)
ANALYZING CHROMOSOME chr5 (Total progress: 70.7%)
ANALYZING CHROMOSOME chr4 (Total progress: 72.0%)
ANALYZING CHROMOSOME chr16 (Total progress: 73.3%)
ANALYZING CHROMOSOME chr3 (Total progress: 74.7%)
ANALYZING CHROMOSOME chr12 (Total progress: 76.0%)
ANALYZING CHROMOSOME chr7 (Total progress: 77.3%)
ANALYZING CHROMOSOME chr6 (Total progress: 78.7%)
ANALYZING CHROMOSOME chr3 (Total progress: 80.0%)
ANALYZING CHROMOSOME chr2 (Total progress: 81.3%)
ANALYZING CHROMOSOME chr5 (Total progress: 82.7%)
ANALYZING CHROMOSOME chr22 (Total progress: 84.0%)
ANALYZING CHROMOSOME chr4 (Total progress: 85.3%)
ANALYZING CHROMOSOME chr3 (Total progress: 86.7%)
ANALYZING CHROMOSOME chr10 (Total progress: 88.0%)
ANALYZING CHROMOSOME chr18 (Total progress: 89.3%)
ANALYZING CHROMOSOME chr11 (Total progress: 90.7%)
ANALYZING CHROMOSOME chr11 (Total progress: 92.0%)
ANALYZING CHROMOSOME chr14 (Total progress: 93.3%)
ANALYZING CHROMOSOME chr8 (Total progress: 94.7%)
ANALYZING CHROMOSOME chr6 (Total progress: 96.0%)
ANALYZING CHROMOSOME chr20 (Total progress: 97.3%)
ANALYZING CHROMOSOME chr13 (Total progress: 98.7%)
ANALYZING CHROMOSOME chr8 (Total progress: 100.0%)
-----------------------
TOTAL TIME:	844.7
Search START
Search END
Search runtime: 845.0611221790314 seconds
USED THREADS 1
ANALYZING CHROMOSOME chr16 (Total progress: 1.4%)
ANALYZING CHROMOSOME chrM (Total progress: 2.8%)
ANALYZING CHROMOSOME chr22 (Total progress: 4.2%)
ANALYZING CHROMOSOME chr17 (Total progress: 5.6%)
ANALYZING CHROMOSOME chr7 (Total progress: 7.0%)
ANALYZING CHROMOSOME chr6 (Total progress: 8.5%)
ANALYZING CHROMOSOME chr4 (Total progress: 9.9%)
ANALYZING CHROMOSOME chr5 (Total progress: 11.3%)
ANALYZING CHROMOSOME chrY (Total progress: 12.7%)
ANALYZING CHROMOSOME chr20 (Total progress: 14.1%)
ANALYZING CHROMOSOME chr18 (Total progress: 15.5%)
ANALYZING CHROMOSOME chr9 (Total progress: 16.9%)
ANALYZING CHROMOSOME chr19 (Total progress: 18.3%)
ANALYZING CHROMOSOME chr12 (Total progress: 19.7%)
ANALYZING CHROMOSOME chr13 (Total progress: 21.1%)
ANALYZING CHROMOSOME chr2 (Total progress: 22.5%)
ANALYZING CHROMOSOME chr15 (Total progress: 23.9%)
ANALYZING CHROMOSOME chr21 (Total progress: 25.4%)
ANALYZING CHROMOSOME chr10 (Total progress: 26.8%)
ANALYZING CHROMOSOME chr3 (Total progress: 28.2%)
ANALYZING CHROMOSOME chr14 (Total progress: 29.6%)
ANALYZING CHROMOSOME chr8 (Total progress: 31.0%)
ANALYZING CHROMOSOME chr11 (Total progress: 32.4%)
ANALYZING CHROMOSOME chrX (Total progress: 33.8%)
ANALYZING CHROMOSOME chr1 (Total progress: 35.2%)
ANALYZING CHROMOSOME chr7 (Total progress: 36.6%)
ANALYZING CHROMOSOME chr1 (Total progress: 38.0%)
ANALYZING CHROMOSOME chrX (Total progress: 39.4%)
ANALYZING CHROMOSOME chr1 (Total progress: 40.8%)
ANALYZING CHROMOSOME chr1 (Total progress: 42.3%)
ANALYZING CHROMOSOME chr19 (Total progress: 43.7%)
ANALYZING CHROMOSOME chr7 (Total progress: 45.1%)
ANALYZING CHROMOSOME chr3 (Total progress: 46.5%)
ANALYZING CHROMOSOME chr17 (Total progress: 47.9%)
ANALYZING CHROMOSOME chr4 (Total progress: 49.3%)
ANALYZING CHROMOSOME chr17 (Total progress: 50.7%)
ANALYZING CHROMOSOME chr5 (Total progress: 52.1%)
ANALYZING CHROMOSOME chr5 (Total progress: 53.5%)
ANALYZING CHROMOSOME chr2 (Total progress: 54.9%)
ANALYZING CHROMOSOME chr2 (Total progress: 56.3%)
ANALYZING CHROMOSOME chr6 (Total progress: 57.7%)
ANALYZING CHROMOSOME chr9 (Total progress: 59.2%)
ANALYZING CHROMOSOME chrX (Total progress: 60.6%)
ANALYZING CHROMOSOME chr4 (Total progress: 62.0%)
ANALYZING CHROMOSOME chr2 (Total progress: 63.4%)
ANALYZING CHROMOSOME chr12 (Total progress: 64.8%)
ANALYZING CHROMOSOME chr16 (Total progress: 66.2%)
ANALYZING CHROMOSOME chr16 (Total progress: 67.6%)
ANALYZING CHROMOSOME chr8 (Total progress: 69.0%)
ANALYZING CHROMOSOME chr6 (Total progress: 70.4%)
ANALYZING CHROMOSOME chr10 (Total progress: 71.8%)
ANALYZING CHROMOSOME chr9 (Total progress: 73.2%)
ANALYZING CHROMOSOME chr1 (Total progress: 74.6%)
ANALYZING CHROMOSOME chr11 (Total progress: 76.1%)
ANALYZING CHROMOSOME chr3 (Total progress: 77.5%)
ANALYZING CHROMOSOME chr15 (Total progress: 78.9%)
ANALYZING CHROMOSOME chr7 (Total progress: 80.3%)
ANALYZING CHROMOSOME chr2 (Total progress: 81.7%)
ANALYZING CHROMOSOME chr12 (Total progress: 83.1%)
ANALYZING CHROMOSOME chr22 (Total progress: 84.5%)
ANALYZING CHROMOSOME chr5 (Total progress: 85.9%)
ANALYZING CHROMOSOME chr10 (Total progress: 87.3%)
ANALYZING CHROMOSOME chr4 (Total progress: 88.7%)
ANALYZING CHROMOSOME chr3 (Total progress: 90.1%)
ANALYZING CHROMOSOME chr14 (Total progress: 91.5%)
ANALYZING CHROMOSOME chr11 (Total progress: 93.0%)
ANALYZING CHROMOSOME chr18 (Total progress: 94.4%)
ANALYZING CHROMOSOME chr8 (Total progress: 95.8%)
ANALYZING CHROMOSOME chr6 (Total progress: 97.2%)
ANALYZING CHROMOSOME chr20 (Total progress: 98.6%)
ANALYZING CHROMOSOME chr13 (Total progress: 100.0%)
-----------------------
TOTAL TIME:	438.2
Search START
Search END
Search runtime: 438.40235590934753 seconds
Start creation semicommon, common, unique
End creation semicommon, common, unique
Start cluster common
Created 'Total' and 'Position Cluster' columns: 0.8499999046325684
Targets sorted: 0.25319910049438477
Start clustering
Clustering runtime: 1.030036449432373 seconds
End cluster common
Start top1 extraction common
End top1 extraction common
Start cluster semicommon
Created 'Total' and 'Position Cluster' columns: 3.8359591960906982
Targets sorted: 1.1918745040893555
Start clustering
Clustering runtime: 4.417457103729248 seconds
End cluster semicommon
Start cluster unique
Created 'Total' and 'Position Cluster' columns: 0.754507303237915
Targets sorted: 0.25144195556640625
Start clustering
Clustering runtime: 0.971916913986206 seconds
End cluster unique
Start pam analysis
End pam analysis
Start pam creation
Created bedfile: 0.3448927402496338
Bedtools DONE: 16.15877079963684
Done 0.6259543895721436
End pam creation
Start cluster of total.txt
Loaded targets:  3.5378754138946533
Targets sorted: 0.4619886875152588
Start clustering
Clustering runtime: 4.7360804080963135 seconds
End cluster of total.txt
Start extract top1 total.txt
End extract top1 total.txt
Start Scoring
index file ../../Genomes/hg38_ref+hg38_1000genomeproject/chr9.enriched.fa.fai not found, generating...
End Scoring
Start summary by guide and position
Traceback (most recent call last):
  File "../../PostProcess/summary_by_guide_position.py", line 102, in <module>
    guide_d_cluster[line[1].replace('-','')][-1].count[bulge_current_line][mms_current_line] += 1 
IndexError: list index out of range
End summary by guide and position
Start sort
End sort
Start calc samples
Done  no
Load chr1 done 53.97262954711914
Done  chr1
Load chr10 done 34.56723499298096
Done  chr10
Load chr11 done 30.379082441329956
Done  chr11
Load chr12 done 27.447373628616333
Done  chr12
Load chr13 done 23.85459566116333
Done  chr13
Load chr14 done 19.38418197631836
Done  chr14
Load chr15 done 18.42865562438965
Done  chr15
Load chr16 done 18.53204846382141
Done  chr16
Load chr17 done 15.957021951675415
Done  chr17
Load chr18 done 17.228195428848267
Done  chr18
Load chr19 done 13.334326267242432
Done  chr19
Load chr2 done 51.98638582229614
Done  chr2
Load chr20 done 15.096270084381104
Done  chr20
Load chr21 done 8.16560173034668
Done  chr21
Load chr22 done 7.631287097930908
Done  chr22
Load chr3 done 49.81048846244812
Done  chr3
Load chr4 done 51.951961040496826
Done  chr4
Load chr5 done 26.596014261245728
Done  chr5
Load chr6 done 41.27494931221008
Done  chr6
Load chr7 done 35.88696789741516
Done  chr7
Load chr8 done 33.89193844795227
Done  chr8
Load chr9 done 25.65946888923645
Done  chr9
Load chrX done 1.3176019191741943
Done
0
End calc samples
Start summary by samples
End summary by samples
Start creating final file
End creating final file
Start Annotation
READING INPUT FILES
EXECUTING PRELIMINARY OPERATIONS
PRELIMINARY OPERATIONS COMPLETED IN: 50.12829780578613 seconds
EXECUTING ANNOTATION
Annotation: Total progress 10.0%
Annotation: Total progress 20.0%
Annotation: Total progress 30.0%
Annotation: Total progress 40.0%
Annotation: Total progress 50.0%
Annotation: Total progress 60.0%
Annotation: Total progress 70.0%
Annotation: Total progress 80.0%
Annotation: Total progress 90.0%
Annotation: Total progress 100.0%
Annotation: Total progress 100%
ANNOTATION COMPLETED IN: 186.8668429851532 seconds
Annotation START
Annotation END
Annotation runtime: 241.8927538394928 seconds
End Annotation
[2019-12-16 08:37:12 +0000] [13893] [CRITICAL] WORKER TIMEOUT (pid:13896)
[2019-12-16 08:37:12 +0000] [13896] [INFO] Worker exiting (pid: 13896)
[2019-12-16 08:37:12 +0000] [15934] [INFO] Booting worker with pid: 15934
Exception on /_dash-update-component [POST]
Traceback (most recent call last):
  File "/home/ubuntu/miniconda3/lib/python3.6/site-packages/flask/app.py", line 2446, in wsgi_app
    response = self.full_dispatch_request()
  File "/home/ubuntu/miniconda3/lib/python3.6/site-packages/flask/app.py", line 1951, in full_dispatch_request
    rv = self.handle_user_exception(e)
  File "/home/ubuntu/miniconda3/lib/python3.6/site-packages/flask/app.py", line 1820, in handle_user_exception
    reraise(exc_type, exc_value, tb)
  File "/home/ubuntu/miniconda3/lib/python3.6/site-packages/flask/_compat.py", line 39, in reraise
    raise value
  File "/home/ubuntu/miniconda3/lib/python3.6/site-packages/flask/app.py", line 1949, in full_dispatch_request
    rv = self.dispatch_request()
  File "/home/ubuntu/miniconda3/lib/python3.6/site-packages/flask/app.py", line 1935, in dispatch_request
    return self.view_functions[rule.endpoint](**req.view_args)
  File "/home/ubuntu/miniconda3/lib/python3.6/site-packages/dash/dash.py", line 1371, in dispatch
    response.set_data(self.callback_map[output]["callback"](*args))
  File "/home/ubuntu/miniconda3/lib/python3.6/site-packages/dash/dash.py", line 1251, in add_context
    output_value = func(*args, **kwargs)  # %% callback invoked %%
  File "//attachedvolume/CrispritzWebApp/app_v6.py", line 1433, in updateContentTab
    df = pd.read_pickle(job_directory + job_id + '.summary_by_guide.' + guide + '.txt')
  File "/home/ubuntu/miniconda3/lib/python3.6/site-packages/pandas/io/pickle.py", line 145, in read_pickle
    f, fh = _get_handle(path, "rb", compression=compression, is_text=False)
  File "/home/ubuntu/miniconda3/lib/python3.6/site-packages/pandas/io/common.py", line 405, in _get_handle
    f = open(path_or_buf, mode)
FileNotFoundError: [Errno 2] No such file or directory: 'Results/59IPPT3KLP/59IPPT3KLP.summary_by_guide.TCCCGAGGCGCCTCCGCGTTNNN.txt'
Exception on /_dash-update-component [POST]
Traceback (most recent call last):
  File "/home/ubuntu/miniconda3/lib/python3.6/site-packages/flask/app.py", line 2446, in wsgi_app
    response = self.full_dispatch_request()
  File "/home/ubuntu/miniconda3/lib/python3.6/site-packages/flask/app.py", line 1951, in full_dispatch_request
    rv = self.handle_user_exception(e)
  File "/home/ubuntu/miniconda3/lib/python3.6/site-packages/flask/app.py", line 1820, in handle_user_exception
    reraise(exc_type, exc_value, tb)
  File "/home/ubuntu/miniconda3/lib/python3.6/site-packages/flask/_compat.py", line 39, in reraise
    raise value
  File "/home/ubuntu/miniconda3/lib/python3.6/site-packages/flask/app.py", line 1949, in full_dispatch_request
    rv = self.dispatch_request()
  File "/home/ubuntu/miniconda3/lib/python3.6/site-packages/flask/app.py", line 1935, in dispatch_request
    return self.view_functions[rule.endpoint](**req.view_args)
  File "/home/ubuntu/miniconda3/lib/python3.6/site-packages/dash/dash.py", line 1371, in dispatch
    response.set_data(self.callback_map[output]["callback"](*args))
  File "/home/ubuntu/miniconda3/lib/python3.6/site-packages/dash/dash.py", line 1251, in add_context
    output_value = func(*args, **kwargs)  # %% callback invoked %%
  File "//attachedvolume/CrispritzWebApp/app_v6.py", line 2576, in update_table_general_profile
    df_profile = pd.read_pickle('Results/' + job_id + '/' + job_id + '.summary_by_guide.' + g + '.txt')
  File "/home/ubuntu/miniconda3/lib/python3.6/site-packages/pandas/io/pickle.py", line 145, in read_pickle
    f, fh = _get_handle(path, "rb", compression=compression, is_text=False)
  File "/home/ubuntu/miniconda3/lib/python3.6/site-packages/pandas/io/common.py", line 405, in _get_handle
    f = open(path_or_buf, mode)
FileNotFoundError: [Errno 2] No such file or directory: 'Results/59IPPT3KLP/59IPPT3KLP.summary_by_guide.AACGCGGAGGCGCCTCGGGANNN.txt'
Exception on /_dash-update-component [POST]
Traceback (most recent call last):
  File "/home/ubuntu/miniconda3/lib/python3.6/site-packages/flask/app.py", line 2446, in wsgi_app
    response = self.full_dispatch_request()
  File "/home/ubuntu/miniconda3/lib/python3.6/site-packages/flask/app.py", line 1951, in full_dispatch_request
    rv = self.handle_user_exception(e)
  File "/home/ubuntu/miniconda3/lib/python3.6/site-packages/flask/app.py", line 1820, in handle_user_exception
    reraise(exc_type, exc_value, tb)
  File "/home/ubuntu/miniconda3/lib/python3.6/site-packages/flask/_compat.py", line 39, in reraise
    raise value
  File "/home/ubuntu/miniconda3/lib/python3.6/site-packages/flask/app.py", line 1949, in full_dispatch_request
    rv = self.dispatch_request()
  File "/home/ubuntu/miniconda3/lib/python3.6/site-packages/flask/app.py", line 1935, in dispatch_request
    return self.view_functions[rule.endpoint](**req.view_args)
  File "/home/ubuntu/miniconda3/lib/python3.6/site-packages/dash/dash.py", line 1371, in dispatch
    response.set_data(self.callback_map[output]["callback"](*args))
  File "/home/ubuntu/miniconda3/lib/python3.6/site-packages/dash/dash.py", line 1251, in add_context
    output_value = func(*args, **kwargs)  # %% callback invoked %%
  File "//attachedvolume/CrispritzWebApp/app_v6.py", line 1433, in updateContentTab
    df = pd.read_pickle(job_directory + job_id + '.summary_by_guide.' + guide + '.txt')
  File "/home/ubuntu/miniconda3/lib/python3.6/site-packages/pandas/io/pickle.py", line 145, in read_pickle
    f, fh = _get_handle(path, "rb", compression=compression, is_text=False)
  File "/home/ubuntu/miniconda3/lib/python3.6/site-packages/pandas/io/common.py", line 405, in _get_handle
    f = open(path_or_buf, mode)
FileNotFoundError: [Errno 2] No such file or directory: 'Results/59IPPT3KLP/59IPPT3KLP.summary_by_guide.AGTTCAATGCCAAGCGTGACNNN.txt'
Exception on /_dash-update-component [POST]
Traceback (most recent call last):
  File "/home/ubuntu/miniconda3/lib/python3.6/site-packages/flask/app.py", line 2446, in wsgi_app
    response = self.full_dispatch_request()
  File "/home/ubuntu/miniconda3/lib/python3.6/site-packages/flask/app.py", line 1951, in full_dispatch_request
    rv = self.handle_user_exception(e)
  File "/home/ubuntu/miniconda3/lib/python3.6/site-packages/flask/app.py", line 1820, in handle_user_exception
    reraise(exc_type, exc_value, tb)
  File "/home/ubuntu/miniconda3/lib/python3.6/site-packages/flask/_compat.py", line 39, in reraise
    raise value
  File "/home/ubuntu/miniconda3/lib/python3.6/site-packages/flask/app.py", line 1949, in full_dispatch_request
    rv = self.dispatch_request()
  File "/home/ubuntu/miniconda3/lib/python3.6/site-packages/flask/app.py", line 1935, in dispatch_request
    return self.view_functions[rule.endpoint](**req.view_args)
  File "/home/ubuntu/miniconda3/lib/python3.6/site-packages/dash/dash.py", line 1371, in dispatch
    response.set_data(self.callback_map[output]["callback"](*args))
  File "/home/ubuntu/miniconda3/lib/python3.6/site-packages/dash/dash.py", line 1251, in add_context
    output_value = func(*args, **kwargs)  # %% callback invoked %%
  File "//attachedvolume/CrispritzWebApp/app_v6.py", line 1433, in updateContentTab
    df = pd.read_pickle(job_directory + job_id + '.summary_by_guide.' + guide + '.txt')
  File "/home/ubuntu/miniconda3/lib/python3.6/site-packages/pandas/io/pickle.py", line 145, in read_pickle
    f, fh = _get_handle(path, "rb", compression=compression, is_text=False)
  File "/home/ubuntu/miniconda3/lib/python3.6/site-packages/pandas/io/common.py", line 405, in _get_handle
    f = open(path_or_buf, mode)
FileNotFoundError: [Errno 2] No such file or directory: 'Results/59IPPT3KLP/59IPPT3KLP.summary_by_guide.CCCAAACGCGGAGGCGCCTCNNN.txt'
Exception on /_dash-update-component [POST]
Traceback (most recent call last):
  File "/home/ubuntu/miniconda3/lib/python3.6/site-packages/flask/app.py", line 2446, in wsgi_app
    response = self.full_dispatch_request()
  File "/home/ubuntu/miniconda3/lib/python3.6/site-packages/flask/app.py", line 1951, in full_dispatch_request
    rv = self.handle_user_exception(e)
  File "/home/ubuntu/miniconda3/lib/python3.6/site-packages/flask/app.py", line 1820, in handle_user_exception
    reraise(exc_type, exc_value, tb)
  File "/home/ubuntu/miniconda3/lib/python3.6/site-packages/flask/_compat.py", line 39, in reraise
    raise value
  File "/home/ubuntu/miniconda3/lib/python3.6/site-packages/flask/app.py", line 1949, in full_dispatch_request
    rv = self.dispatch_request()
  File "/home/ubuntu/miniconda3/lib/python3.6/site-packages/flask/app.py", line 1935, in dispatch_request
    return self.view_functions[rule.endpoint](**req.view_args)
  File "/home/ubuntu/miniconda3/lib/python3.6/site-packages/dash/dash.py", line 1371, in dispatch
    response.set_data(self.callback_map[output]["callback"](*args))
  File "/home/ubuntu/miniconda3/lib/python3.6/site-packages/dash/dash.py", line 1251, in add_context
    output_value = func(*args, **kwargs)  # %% callback invoked %%
  File "//attachedvolume/CrispritzWebApp/app_v6.py", line 2576, in update_table_general_profile
    df_profile = pd.read_pickle('Results/' + job_id + '/' + job_id + '.summary_by_guide.' + g + '.txt')
  File "/home/ubuntu/miniconda3/lib/python3.6/site-packages/pandas/io/pickle.py", line 145, in read_pickle
    f, fh = _get_handle(path, "rb", compression=compression, is_text=False)
  File "/home/ubuntu/miniconda3/lib/python3.6/site-packages/pandas/io/common.py", line 405, in _get_handle
    f = open(path_or_buf, mode)
FileNotFoundError: [Errno 2] No such file or directory: 'Results/59IPPT3KLP/59IPPT3KLP.summary_by_guide.AACGCGGAGGCGCCTCGGGANNN.txt'
Exception on /_dash-update-component [POST]
Traceback (most recent call last):
  File "/home/ubuntu/miniconda3/lib/python3.6/site-packages/flask/app.py", line 2446, in wsgi_app
    response = self.full_dispatch_request()
  File "/home/ubuntu/miniconda3/lib/python3.6/site-packages/flask/app.py", line 1951, in full_dispatch_request
    rv = self.handle_user_exception(e)
  File "/home/ubuntu/miniconda3/lib/python3.6/site-packages/flask/app.py", line 1820, in handle_user_exception
    reraise(exc_type, exc_value, tb)
  File "/home/ubuntu/miniconda3/lib/python3.6/site-packages/flask/_compat.py", line 39, in reraise
    raise value
  File "/home/ubuntu/miniconda3/lib/python3.6/site-packages/flask/app.py", line 1949, in full_dispatch_request
    rv = self.dispatch_request()
  File "/home/ubuntu/miniconda3/lib/python3.6/site-packages/flask/app.py", line 1935, in dispatch_request
    return self.view_functions[rule.endpoint](**req.view_args)
  File "/home/ubuntu/miniconda3/lib/python3.6/site-packages/dash/dash.py", line 1371, in dispatch
    response.set_data(self.callback_map[output]["callback"](*args))
  File "/home/ubuntu/miniconda3/lib/python3.6/site-packages/dash/dash.py", line 1251, in add_context
    output_value = func(*args, **kwargs)  # %% callback invoked %%
  File "//attachedvolume/CrispritzWebApp/app_v6.py", line 2576, in update_table_general_profile
    df_profile = pd.read_pickle('Results/' + job_id + '/' + job_id + '.summary_by_guide.' + g + '.txt')
  File "/home/ubuntu/miniconda3/lib/python3.6/site-packages/pandas/io/pickle.py", line 145, in read_pickle
    f, fh = _get_handle(path, "rb", compression=compression, is_text=False)
  File "/home/ubuntu/miniconda3/lib/python3.6/site-packages/pandas/io/common.py", line 405, in _get_handle
    f = open(path_or_buf, mode)
FileNotFoundError: [Errno 2] No such file or directory: 'Results/59IPPT3KLP/59IPPT3KLP.summary_by_guide.AACGCGGAGGCGCCTCGGGANNN.txt'
Exception on /_dash-update-component [POST]
Traceback (most recent call last):
  File "/home/ubuntu/miniconda3/lib/python3.6/site-packages/flask/app.py", line 2446, in wsgi_app
    response = self.full_dispatch_request()
  File "/home/ubuntu/miniconda3/lib/python3.6/site-packages/flask/app.py", line 1951, in full_dispatch_request
    rv = self.handle_user_exception(e)
  File "/home/ubuntu/miniconda3/lib/python3.6/site-packages/flask/app.py", line 1820, in handle_user_exception
    reraise(exc_type, exc_value, tb)
  File "/home/ubuntu/miniconda3/lib/python3.6/site-packages/flask/_compat.py", line 39, in reraise
    raise value
  File "/home/ubuntu/miniconda3/lib/python3.6/site-packages/flask/app.py", line 1949, in full_dispatch_request
    rv = self.dispatch_request()
  File "/home/ubuntu/miniconda3/lib/python3.6/site-packages/flask/app.py", line 1935, in dispatch_request
    return self.view_functions[rule.endpoint](**req.view_args)
  File "/home/ubuntu/miniconda3/lib/python3.6/site-packages/dash/dash.py", line 1371, in dispatch
    response.set_data(self.callback_map[output]["callback"](*args))
  File "/home/ubuntu/miniconda3/lib/python3.6/site-packages/dash/dash.py", line 1251, in add_context
    output_value = func(*args, **kwargs)  # %% callback invoked %%
  File "//attachedvolume/CrispritzWebApp/app_v6.py", line 2576, in update_table_general_profile
    df_profile = pd.read_pickle('Results/' + job_id + '/' + job_id + '.summary_by_guide.' + g + '.txt')
  File "/home/ubuntu/miniconda3/lib/python3.6/site-packages/pandas/io/pickle.py", line 145, in read_pickle
    f, fh = _get_handle(path, "rb", compression=compression, is_text=False)
  File "/home/ubuntu/miniconda3/lib/python3.6/site-packages/pandas/io/common.py", line 405, in _get_handle
    f = open(path_or_buf, mode)
FileNotFoundError: [Errno 2] No such file or directory: 'Results/59IPPT3KLP/59IPPT3KLP.summary_by_guide.AACGCGGAGGCGCCTCGGGANNN.txt'
Exception on /_dash-update-component [POST]
Traceback (most recent call last):
  File "/home/ubuntu/miniconda3/lib/python3.6/site-packages/flask/app.py", line 2446, in wsgi_app
    response = self.full_dispatch_request()
  File "/home/ubuntu/miniconda3/lib/python3.6/site-packages/flask/app.py", line 1951, in full_dispatch_request
    rv = self.handle_user_exception(e)
  File "/home/ubuntu/miniconda3/lib/python3.6/site-packages/flask/app.py", line 1820, in handle_user_exception
    reraise(exc_type, exc_value, tb)
  File "/home/ubuntu/miniconda3/lib/python3.6/site-packages/flask/_compat.py", line 39, in reraise
    raise value
  File "/home/ubuntu/miniconda3/lib/python3.6/site-packages/flask/app.py", line 1949, in full_dispatch_request
    rv = self.dispatch_request()
  File "/home/ubuntu/miniconda3/lib/python3.6/site-packages/flask/app.py", line 1935, in dispatch_request
    return self.view_functions[rule.endpoint](**req.view_args)
  File "/home/ubuntu/miniconda3/lib/python3.6/site-packages/dash/dash.py", line 1371, in dispatch
    response.set_data(self.callback_map[output]["callback"](*args))
  File "/home/ubuntu/miniconda3/lib/python3.6/site-packages/dash/dash.py", line 1251, in add_context
    output_value = func(*args, **kwargs)  # %% callback invoked %%
  File "//attachedvolume/CrispritzWebApp/app_v6.py", line 2576, in update_table_general_profile
    df_profile = pd.read_pickle('Results/' + job_id + '/' + job_id + '.summary_by_guide.' + g + '.txt')
  File "/home/ubuntu/miniconda3/lib/python3.6/site-packages/pandas/io/pickle.py", line 145, in read_pickle
    f, fh = _get_handle(path, "rb", compression=compression, is_text=False)
  File "/home/ubuntu/miniconda3/lib/python3.6/site-packages/pandas/io/common.py", line 405, in _get_handle
    f = open(path_or_buf, mode)
FileNotFoundError: [Errno 2] No such file or directory: 'Results/59IPPT3KLP/59IPPT3KLP.summary_by_guide.AACGCGGAGGCGCCTCGGGANNN.txt'
Exception on /_dash-update-component [POST]
Traceback (most recent call last):
  File "/home/ubuntu/miniconda3/lib/python3.6/site-packages/flask/app.py", line 2446, in wsgi_app
    response = self.full_dispatch_request()
  File "/home/ubuntu/miniconda3/lib/python3.6/site-packages/flask/app.py", line 1951, in full_dispatch_request
    rv = self.handle_user_exception(e)
  File "/home/ubuntu/miniconda3/lib/python3.6/site-packages/flask/app.py", line 1820, in handle_user_exception
    reraise(exc_type, exc_value, tb)
  File "/home/ubuntu/miniconda3/lib/python3.6/site-packages/flask/_compat.py", line 39, in reraise
    raise value
  File "/home/ubuntu/miniconda3/lib/python3.6/site-packages/flask/app.py", line 1949, in full_dispatch_request
    rv = self.dispatch_request()
  File "/home/ubuntu/miniconda3/lib/python3.6/site-packages/flask/app.py", line 1935, in dispatch_request
    return self.view_functions[rule.endpoint](**req.view_args)
  File "/home/ubuntu/miniconda3/lib/python3.6/site-packages/dash/dash.py", line 1371, in dispatch
    response.set_data(self.callback_map[output]["callback"](*args))
  File "/home/ubuntu/miniconda3/lib/python3.6/site-packages/dash/dash.py", line 1251, in add_context
    output_value = func(*args, **kwargs)  # %% callback invoked %%
  File "//attachedvolume/CrispritzWebApp/app_v6.py", line 2576, in update_table_general_profile
    df_profile = pd.read_pickle('Results/' + job_id + '/' + job_id + '.summary_by_guide.' + g + '.txt')
  File "/home/ubuntu/miniconda3/lib/python3.6/site-packages/pandas/io/pickle.py", line 145, in read_pickle
    f, fh = _get_handle(path, "rb", compression=compression, is_text=False)
  File "/home/ubuntu/miniconda3/lib/python3.6/site-packages/pandas/io/common.py", line 405, in _get_handle
    f = open(path_or_buf, mode)
FileNotFoundError: [Errno 2] No such file or directory: 'Results/59IPPT3KLP/59IPPT3KLP.summary_by_guide.AACGCGGAGGCGCCTCGGGANNN.txt'
Exception on /_dash-update-component [POST]
Traceback (most recent call last):
  File "/home/ubuntu/miniconda3/lib/python3.6/site-packages/flask/app.py", line 2446, in wsgi_app
    response = self.full_dispatch_request()
  File "/home/ubuntu/miniconda3/lib/python3.6/site-packages/flask/app.py", line 1951, in full_dispatch_request
    rv = self.handle_user_exception(e)
  File "/home/ubuntu/miniconda3/lib/python3.6/site-packages/flask/app.py", line 1820, in handle_user_exception
    reraise(exc_type, exc_value, tb)
  File "/home/ubuntu/miniconda3/lib/python3.6/site-packages/flask/_compat.py", line 39, in reraise
    raise value
  File "/home/ubuntu/miniconda3/lib/python3.6/site-packages/flask/app.py", line 1949, in full_dispatch_request
    rv = self.dispatch_request()
  File "/home/ubuntu/miniconda3/lib/python3.6/site-packages/flask/app.py", line 1935, in dispatch_request
    return self.view_functions[rule.endpoint](**req.view_args)
  File "/home/ubuntu/miniconda3/lib/python3.6/site-packages/dash/dash.py", line 1371, in dispatch
    response.set_data(self.callback_map[output]["callback"](*args))
  File "/home/ubuntu/miniconda3/lib/python3.6/site-packages/dash/dash.py", line 1251, in add_context
    output_value = func(*args, **kwargs)  # %% callback invoked %%
  File "//attachedvolume/CrispritzWebApp/app_v6.py", line 2576, in update_table_general_profile
    df_profile = pd.read_pickle('Results/' + job_id + '/' + job_id + '.summary_by_guide.' + g + '.txt')
  File "/home/ubuntu/miniconda3/lib/python3.6/site-packages/pandas/io/pickle.py", line 145, in read_pickle
    f, fh = _get_handle(path, "rb", compression=compression, is_text=False)
  File "/home/ubuntu/miniconda3/lib/python3.6/site-packages/pandas/io/common.py", line 405, in _get_handle
    f = open(path_or_buf, mode)
FileNotFoundError: [Errno 2] No such file or directory: 'Results/59IPPT3KLP/59IPPT3KLP.summary_by_guide.AACGCGGAGGCGCCTCGGGANNN.txt'
Exception on /_dash-update-component [POST]
Traceback (most recent call last):
  File "/home/ubuntu/miniconda3/lib/python3.6/site-packages/flask/app.py", line 2446, in wsgi_app
    response = self.full_dispatch_request()
  File "/home/ubuntu/miniconda3/lib/python3.6/site-packages/flask/app.py", line 1951, in full_dispatch_request
    rv = self.handle_user_exception(e)
  File "/home/ubuntu/miniconda3/lib/python3.6/site-packages/flask/app.py", line 1820, in handle_user_exception
    reraise(exc_type, exc_value, tb)
  File "/home/ubuntu/miniconda3/lib/python3.6/site-packages/flask/_compat.py", line 39, in reraise
    raise value
  File "/home/ubuntu/miniconda3/lib/python3.6/site-packages/flask/app.py", line 1949, in full_dispatch_request
    rv = self.dispatch_request()
  File "/home/ubuntu/miniconda3/lib/python3.6/site-packages/flask/app.py", line 1935, in dispatch_request
    return self.view_functions[rule.endpoint](**req.view_args)
  File "/home/ubuntu/miniconda3/lib/python3.6/site-packages/dash/dash.py", line 1371, in dispatch
    response.set_data(self.callback_map[output]["callback"](*args))
  File "/home/ubuntu/miniconda3/lib/python3.6/site-packages/dash/dash.py", line 1251, in add_context
    output_value = func(*args, **kwargs)  # %% callback invoked %%
  File "//attachedvolume/CrispritzWebApp/app_v6.py", line 2576, in update_table_general_profile
    df_profile = pd.read_pickle('Results/' + job_id + '/' + job_id + '.summary_by_guide.' + g + '.txt')
  File "/home/ubuntu/miniconda3/lib/python3.6/site-packages/pandas/io/pickle.py", line 145, in read_pickle
    f, fh = _get_handle(path, "rb", compression=compression, is_text=False)
  File "/home/ubuntu/miniconda3/lib/python3.6/site-packages/pandas/io/common.py", line 405, in _get_handle
    f = open(path_or_buf, mode)
FileNotFoundError: [Errno 2] No such file or directory: 'Results/59IPPT3KLP/59IPPT3KLP.summary_by_guide.AACGCGGAGGCGCCTCGGGANNN.txt'
Exception on /_dash-update-component [POST]
Traceback (most recent call last):
  File "/home/ubuntu/miniconda3/lib/python3.6/site-packages/flask/app.py", line 2446, in wsgi_app
    response = self.full_dispatch_request()
  File "/home/ubuntu/miniconda3/lib/python3.6/site-packages/flask/app.py", line 1951, in full_dispatch_request
    rv = self.handle_user_exception(e)
  File "/home/ubuntu/miniconda3/lib/python3.6/site-packages/flask/app.py", line 1820, in handle_user_exception
    reraise(exc_type, exc_value, tb)
  File "/home/ubuntu/miniconda3/lib/python3.6/site-packages/flask/_compat.py", line 39, in reraise
    raise value
  File "/home/ubuntu/miniconda3/lib/python3.6/site-packages/flask/app.py", line 1949, in full_dispatch_request
    rv = self.dispatch_request()
  File "/home/ubuntu/miniconda3/lib/python3.6/site-packages/flask/app.py", line 1935, in dispatch_request
    return self.view_functions[rule.endpoint](**req.view_args)
  File "/home/ubuntu/miniconda3/lib/python3.6/site-packages/dash/dash.py", line 1371, in dispatch
    response.set_data(self.callback_map[output]["callback"](*args))
  File "/home/ubuntu/miniconda3/lib/python3.6/site-packages/dash/dash.py", line 1251, in add_context
    output_value = func(*args, **kwargs)  # %% callback invoked %%
  File "//attachedvolume/CrispritzWebApp/app_v6.py", line 2576, in update_table_general_profile
    df_profile = pd.read_pickle('Results/' + job_id + '/' + job_id + '.summary_by_guide.' + g + '.txt')
  File "/home/ubuntu/miniconda3/lib/python3.6/site-packages/pandas/io/pickle.py", line 145, in read_pickle
    f, fh = _get_handle(path, "rb", compression=compression, is_text=False)
  File "/home/ubuntu/miniconda3/lib/python3.6/site-packages/pandas/io/common.py", line 405, in _get_handle
    f = open(path_or_buf, mode)
FileNotFoundError: [Errno 2] No such file or directory: 'Results/59IPPT3KLP/59IPPT3KLP.summary_by_guide.AACGCGGAGGCGCCTCGGGANNN.txt'
Exception on /_dash-update-component [POST]
Traceback (most recent call last):
  File "/home/ubuntu/miniconda3/lib/python3.6/site-packages/flask/app.py", line 2446, in wsgi_app
    response = self.full_dispatch_request()
  File "/home/ubuntu/miniconda3/lib/python3.6/site-packages/flask/app.py", line 1951, in full_dispatch_request
    rv = self.handle_user_exception(e)
  File "/home/ubuntu/miniconda3/lib/python3.6/site-packages/flask/app.py", line 1820, in handle_user_exception
    reraise(exc_type, exc_value, tb)
  File "/home/ubuntu/miniconda3/lib/python3.6/site-packages/flask/_compat.py", line 39, in reraise
    raise value
  File "/home/ubuntu/miniconda3/lib/python3.6/site-packages/flask/app.py", line 1949, in full_dispatch_request
    rv = self.dispatch_request()
  File "/home/ubuntu/miniconda3/lib/python3.6/site-packages/flask/app.py", line 1935, in dispatch_request
    return self.view_functions[rule.endpoint](**req.view_args)
  File "/home/ubuntu/miniconda3/lib/python3.6/site-packages/dash/dash.py", line 1371, in dispatch
    response.set_data(self.callback_map[output]["callback"](*args))
  File "/home/ubuntu/miniconda3/lib/python3.6/site-packages/dash/dash.py", line 1251, in add_context
    output_value = func(*args, **kwargs)  # %% callback invoked %%
  File "//attachedvolume/CrispritzWebApp/app_v6.py", line 2576, in update_table_general_profile
    df_profile = pd.read_pickle('Results/' + job_id + '/' + job_id + '.summary_by_guide.' + g + '.txt')
  File "/home/ubuntu/miniconda3/lib/python3.6/site-packages/pandas/io/pickle.py", line 145, in read_pickle
    f, fh = _get_handle(path, "rb", compression=compression, is_text=False)
  File "/home/ubuntu/miniconda3/lib/python3.6/site-packages/pandas/io/common.py", line 405, in _get_handle
    f = open(path_or_buf, mode)
FileNotFoundError: [Errno 2] No such file or directory: 'Results/59IPPT3KLP/59IPPT3KLP.summary_by_guide.AACGCGGAGGCGCCTCGGGANNN.txt'
Exception on /_dash-update-component [POST]
Traceback (most recent call last):
  File "/home/ubuntu/miniconda3/lib/python3.6/site-packages/flask/app.py", line 2446, in wsgi_app
    response = self.full_dispatch_request()
  File "/home/ubuntu/miniconda3/lib/python3.6/site-packages/flask/app.py", line 1951, in full_dispatch_request
    rv = self.handle_user_exception(e)
  File "/home/ubuntu/miniconda3/lib/python3.6/site-packages/flask/app.py", line 1820, in handle_user_exception
    reraise(exc_type, exc_value, tb)
  File "/home/ubuntu/miniconda3/lib/python3.6/site-packages/flask/_compat.py", line 39, in reraise
    raise value
  File "/home/ubuntu/miniconda3/lib/python3.6/site-packages/flask/app.py", line 1949, in full_dispatch_request
    rv = self.dispatch_request()
  File "/home/ubuntu/miniconda3/lib/python3.6/site-packages/flask/app.py", line 1935, in dispatch_request
    return self.view_functions[rule.endpoint](**req.view_args)
  File "/home/ubuntu/miniconda3/lib/python3.6/site-packages/dash/dash.py", line 1371, in dispatch
    response.set_data(self.callback_map[output]["callback"](*args))
  File "/home/ubuntu/miniconda3/lib/python3.6/site-packages/dash/dash.py", line 1251, in add_context
    output_value = func(*args, **kwargs)  # %% callback invoked %%
  File "//attachedvolume/CrispritzWebApp/app_v6.py", line 2576, in update_table_general_profile
    df_profile = pd.read_pickle('Results/' + job_id + '/' + job_id + '.summary_by_guide.' + g + '.txt')
  File "/home/ubuntu/miniconda3/lib/python3.6/site-packages/pandas/io/pickle.py", line 145, in read_pickle
    f, fh = _get_handle(path, "rb", compression=compression, is_text=False)
  File "/home/ubuntu/miniconda3/lib/python3.6/site-packages/pandas/io/common.py", line 405, in _get_handle
    f = open(path_or_buf, mode)
FileNotFoundError: [Errno 2] No such file or directory: 'Results/59IPPT3KLP/59IPPT3KLP.summary_by_guide.AACGCGGAGGCGCCTCGGGANNN.txt'
[2019-12-16 09:26:49 +0000] [13893] [CRITICAL] WORKER TIMEOUT (pid:15934)
[2019-12-16 09:26:49 +0000] [15934] [INFO] Worker exiting (pid: 15934)
[2019-12-16 09:26:49 +0000] [16102] [INFO] Booting worker with pid: 16102
[2019-12-16 09:58:44 +0000] [13893] [CRITICAL] WORKER TIMEOUT (pid:16102)
[2019-12-16 10:00:08 +0000] [16570] [INFO] Booting worker with pid: 16570
[2019-12-16 10:01:54 +0000] [13893] [CRITICAL] WORKER TIMEOUT (pid:16570)
[2019-12-16 10:03:14 +0000] [16582] [INFO] Booting worker with pid: 16582
USED THREADS 8
ANALYZING CHROMOSOME chr8 (Total progress: 3.7%)
ANALYZING CHROMOSOME chr4 (Total progress: 7.4%)
ANALYZING CHROMOSOME chr14 (Total progress: 11.1%)
ANALYZING CHROMOSOME chrY (Total progress: 14.8%)
ANALYZING CHROMOSOME chr7 (Total progress: 18.5%)
ANALYZING CHROMOSOME chr7 (Total progress: 22.2%)
ANALYZING CHROMOSOME chr1 (Total progress: 25.9%)
ANALYZING CHROMOSOME chr1 (Total progress: 29.6%)
ANALYZING CHROMOSOME chr6 (Total progress: 33.3%)
ANALYZING CHROMOSOME chr21 (Total progress: 37.0%)
ANALYZING CHROMOSOME chr16 (Total progress: 40.7%)
ANALYZING CHROMOSOME chr11 (Total progress: 44.4%)
ANALYZING CHROMOSOME chr2 (Total progress: 48.1%)
ANALYZING CHROMOSOME chr3 (Total progress: 51.9%)
ANALYZING CHROMOSOME chr22 (Total progress: 55.6%)
ANALYZING CHROMOSOME chr17 (Total progress: 59.3%)
ANALYZING CHROMOSOME chr20 (Total progress: 63.0%)
ANALYZING CHROMOSOME chr5 (Total progress: 66.7%)
ANALYZING CHROMOSOME chr13 (Total progress: 70.4%)
ANALYZING CHROMOSOME chr18 (Total progress: 74.1%)
ANALYZING CHROMOSOME chr9 (Total progress: 77.8%)
ANALYZING CHROMOSOME chrX (Total progress: 81.5%)
ANALYZING CHROMOSOME chr12 (Total progress: 85.2%)
ANALYZING CHROMOSOME chr15 (Total progress: 88.9%)
ANALYZING CHROMOSOME chrM (Total progress: 92.6%)
ANALYZING CHROMOSOME chr19 (Total progress: 96.3%)
ANALYZING CHROMOSOME chr10 (Total progress: 100.0%)
TOTAL TIME: 43.4
Search START
Search END
Search runtime: 43.79715275764465 seconds
USED THREADS 8
ANALYZING CHROMOSOME chr19 (Total progress: 2.0%)
ANALYZING CHROMOSOME chr20 (Total progress: 4.0%)
ANALYZING CHROMOSOME chr20 (Total progress: 6.0%)
ANALYZING CHROMOSOME chrY (Total progress: 8.0%)
ANALYZING CHROMOSOME chr7 (Total progress: 10.0%)
ANALYZING CHROMOSOME chr5 (Total progress: 12.0%)
ANALYZING CHROMOSOME chr22 (Total progress: 14.0%)
ANALYZING CHROMOSOME chr22 (Total progress: 16.0%)
ANALYZING CHROMOSOME chr22 (Total progress: 18.0%)
ANALYZING CHROMOSOME chrX (Total progress: 20.0%)
ANALYZING CHROMOSOME chr6 (Total progress: 22.0%)
ANALYZING CHROMOSOME chr8 (Total progress: 24.0%)
ANALYZING CHROMOSOME chr3 (Total progress: 26.0%)
ANALYZING CHROMOSOME chr3 (Total progress: 28.0%)
ANALYZING CHROMOSOME chr3 (Total progress: 30.0%)
ANALYZING CHROMOSOME chr3 (Total progress: 32.0%)
ANALYZING CHROMOSOME chr14 (Total progress: 34.0%)
ANALYZING CHROMOSOME chr14 (Total progress: 36.0%)
ANALYZING CHROMOSOME chr14 (Total progress: 38.0%)
ANALYZING CHROMOSOME chr16 (Total progress: 40.0%)
ANALYZING CHROMOSOME chr1 (Total progress: 42.0%)
ANALYZING CHROMOSOME chr1 (Total progress: 44.0%)
ANALYZING CHROMOSOME chr21 (Total progress: 46.0%)
ANALYZING CHROMOSOME chr21 (Total progress: 48.0%)
ANALYZING CHROMOSOME chr21 (Total progress: 50.0%)
ANALYZING CHROMOSOME chr21 (Total progress: 52.0%)
ANALYZING CHROMOSOME chr21 (Total progress: 54.0%)
ANALYZING CHROMOSOME chr21 (Total progress: 56.0%)
ANALYZING CHROMOSOME chr11 (Total progress: 58.0%)
ANALYZING CHROMOSOME chr12 (Total progress: 60.0%)
ANALYZING CHROMOSOME chr12 (Total progress: 62.0%)
ANALYZING CHROMOSOME chr2 (Total progress: 64.0%)
ANALYZING CHROMOSOME chr17 (Total progress: 66.0%)
ANALYZING CHROMOSOME chr17 (Total progress: 68.0%)
ANALYZING CHROMOSOME chr10 (Total progress: 70.0%)
ANALYZING CHROMOSOME chr10 (Total progress: 72.0%)
ANALYZING CHROMOSOME chr15 (Total progress: 74.0%)
ANALYZING CHROMOSOME chr15 (Total progress: 76.0%)
ANALYZING CHROMOSOME chr13 (Total progress: 78.0%)
ANALYZING CHROMOSOME chr13 (Total progress: 80.0%)
ANALYZING CHROMOSOME chr13 (Total progress: 82.0%)
ANALYZING CHROMOSOME chr9 (Total progress: 84.0%)
ANALYZING CHROMOSOME chrM (Total progress: 86.0%)
ANALYZING CHROMOSOME chr4 (Total progress: 88.0%)
ANALYZING CHROMOSOME chr4 (Total progress: 90.0%)
ANALYZING CHROMOSOME chr4 (Total progress: 92.0%)
ANALYZING CHROMOSOME chr4 (Total progress: 94.0%)
ANALYZING CHROMOSOME chr4 (Total progress: 96.0%)
ANALYZING CHROMOSOME chr4 (Total progress: 98.0%)
ANALYZING CHROMOSOME chr18 (Total progress: 100.0%)
TOTAL TIME: 47.3
Search START
Search END
Search runtime: 47.4611451625824 seconds
Start creation semicommon, common, unique
End creation semicommon, common, unique
Start cluster common
Created 'Total' and 'Position Cluster' columns: 0.0029451847076416016
Targets sorted: 0.00011014938354492188
Start clustering
Clustering runtime: 0.0008571147918701172 seconds
End cluster common
Start top1 extraction common
End top1 extraction common
Start cluster semicommon
Created 'Total' and 'Position Cluster' columns: 0.0055272579193115234
Targets sorted: 0.0004885196685791016
Start clustering
Clustering runtime: 0.0029439926147460938 seconds
End cluster semicommon
Start cluster unique
Created 'Total' and 'Position Cluster' columns: 0.0026268959045410156
Targets sorted: 7.557868957519531e-05
Start clustering
Clustering runtime: 0.0007572174072265625 seconds
End cluster unique
Start pam analysis
End pam analysis
Start pam creation
sed: can't read tmp_seq/*_seq.txt: No such file or directory
Created bedfile: 0.0004570484161376953
Bedtools DONE: 0.27004098892211914
Done 0.0009779930114746094
End pam creation
Start cluster of total.txt
Loaded targets:  0.005616188049316406
Targets sorted: 0.0005297660827636719
Start clustering
Clustering runtime: 0.004397869110107422 seconds
End cluster of total.txt
Start extract top1 total.txt
End extract top1 total.txt
Start Scoring
End Scoring
Start summary by guide and position
End summary by guide and position
Start sort
End sort
Start calc samples
Done  no
Load chr1 done 60.42528486251831
Done  chr1
Load chr10 done 38.07025718688965
Done  chr10
Load chr11 done 33.570160150527954
Done  chr11
Load chr12 done 30.637009859085083
Done  chr12
Load chr13 done 22.628207445144653
Done  chr13
Load chr14 done 19.600096702575684
Done  chr14
Load chr15 done 17.097238302230835
Done  chr15
Load chr16 done 20.113453149795532
Done  chr16
Load chr17 done 16.705559730529785
Done  chr17
Load chr18 done 16.088047742843628
Done  chr18
Load chr19 done 12.367509603500366
Done  chr19
Load chr2 done 52.61529803276062
Done  chr2
Load chr20 done 14.626664638519287
Done  chr20
Load chr21 done 7.374377012252808
Done  chr21
Load chr22 done 8.695544242858887
Done  chr22
Load chr3 done 44.110137939453125
Done  chr3
Load chr4 done 46.944814920425415
Done  chr4
Load chr5 done 30.350304126739502
Done  chr5
Load chr6 done 40.24181842803955
Done  chr6
Load chr7 done 33.6069860458374
Done  chr7
Load chr8 done 33.69915509223938
Done  chr8
Load chr9 done 25.780290842056274
Done  chr9
Load chrX done 1.2678866386413574
Done
0
End calc samples
Start summary by samples
End summary by samples
Start creating final file
End creating final file
Start Annotation
READING INPUT FILES
EXECUTING PRELIMINARY OPERATIONS
PRELIMINARY OPERATIONS COMPLETED IN: 49.454070806503296 seconds
EXECUTING ANNOTATION
Annotation: Total progress 9.98%
Annotation: Total progress 19.96%
Annotation: Total progress 29.93%
Annotation: Total progress 39.91%
Annotation: Total progress 49.89%
Annotation: Total progress 59.87%
Annotation: Total progress 69.85%
Annotation: Total progress 79.83%
Annotation: Total progress 89.8%
Annotation: Total progress 99.78%
Annotation: Total progress 100%
ANNOTATION COMPLETED IN: 0.3777000904083252 seconds
Annotation START
Annotation END
Annotation runtime: 53.554884910583496 seconds
End Annotation
Start creation semicommon, common, unique
../../PostProcess/./extraction.sh: line 10: ref/1T7SX3MKKY_ref.targets.txt.sort.txt: No such file or directory
comm: ref/1T7SX3MKKY_ref.targets.txt.sort.txt: No such file or directory
awk: fatal: cannot open file `ref/1T7SX3MKKY_ref.targets.txt' for reading (No such file or directory)
grep: ref/1T7SX3MKKY_ref.targets.txt: No such file or directory
rm: cannot remove 'ref/1T7SX3MKKY_ref.targets.txt.sort.txt': No such file or directory
End creation semicommon, common, unique
Start cluster common
Created 'Total' and 'Position Cluster' columns: 0.0015397071838378906
Targets sorted: 1.1920928955078125e-06
Start clustering
No targets to clusterize, exit...
End cluster common
Start top1 extraction common
Traceback (most recent call last):
  File "../../PostProcess/extract_top.py", line 21, in <module>
    prev_position = line[header['Cluster Position']]
IndexError: list index out of range
End top1 extraction common
Start cluster semicommon
Created 'Total' and 'Position Cluster' columns: 0.001458883285522461
Targets sorted: 1.430511474609375e-06
Start clustering
No targets to clusterize, exit...
End cluster semicommon
Start cluster unique
Created 'Total' and 'Position Cluster' columns: 0.00374603271484375
Targets sorted: 0.00030994415283203125
Start clustering
Clustering runtime: 0.0022275447845458984 seconds
End cluster unique
Start pam analysis
End pam analysis
Start pam creation
sed: can't read tmp_seq/*_seq.txt: No such file or directory
Created bedfile: 0.0007178783416748047
Bedtools DONE: 0.19170212745666504
Done 0.0016257762908935547
End pam creation
Start cluster of total.txt
Loaded targets:  0.0030269622802734375
Targets sorted: 0.0001862049102783203
Start clustering
Clustering runtime: 0.0020668506622314453 seconds
End cluster of total.txt
Start extract top1 total.txt
End extract top1 total.txt
Start Scoring
End Scoring
Start summary by guide and position
End summary by guide and position
Start sort
End sort
Start calc samples
Done  no
Load chr1 done 59.08474040031433
Done  chr1
Load chr10 done 39.85491681098938
Done  chr10
Load chr11 done 38.50799059867859
Done  chr11
Load chr12 done 38.070064544677734
Done  chr12
Load chr13 done 28.610081672668457
Done  chr13
Load chr14 done 20.640539169311523
Done  chr14
Load chr15 done 18.92946743965149
Done  chr15
Load chr16 done 21.08186674118042
Done  chr16
Load chr17 done 16.918142557144165
Done  chr17
Load chr18 done 18.40372085571289
Done  chr18
Load chr19 done 16.092525482177734
Done  chr19
Load chr2 done 62.328295946121216
Done  chr2
Load chr20 done 14.701675653457642
Done  chr20
Load chr21 done 8.753077507019043
Done  chr21
Load chr22 done 7.354794263839722
Done  chr22
Load chr3 done 47.336586713790894
Done  chr3
Load chr4 done 49.509191274642944
Done  chr4
Load chr5 done 33.59212017059326
Done  chr5
Load chr6 done 44.10817742347717
Done  chr6
Load chr7 done 37.33168601989746
Done  chr7
Load chr8 done 37.04242539405823
Done  chr8
Load chr9 done 27.778303861618042
Done  chr9
Load chrX done 1.3753776550292969
Done
0
End calc samples
Start summary by samples
End summary by samples
Start creating final file
End creating final file
Start Annotation
READING INPUT FILES
EXECUTING PRELIMINARY OPERATIONS
PRELIMINARY OPERATIONS COMPLETED IN: 51.11362028121948 seconds
EXECUTING ANNOTATION
Annotation: Total progress 9.98%
Annotation: Total progress 19.96%
Annotation: Total progress 29.93%
Annotation: Total progress 39.91%
Annotation: Total progress 49.89%
Annotation: Total progress 59.87%
Annotation: Total progress 69.85%
Annotation: Total progress 79.83%
Annotation: Total progress 89.8%
Annotation: Total progress 99.78%
Annotation: Total progress 100%
ANNOTATION COMPLETED IN: 0.4020724296569824 seconds
Annotation START
Annotation END
Annotation runtime: 55.64967107772827 seconds
End Annotation
[2019-12-16 18:01:35 +0000] [2650] [INFO] Starting gunicorn 19.9.0
[2019-12-16 18:01:35 +0000] [2650] [INFO] Listening at: http://0.0.0.0:8080 (2650)
[2019-12-16 18:01:35 +0000] [2650] [INFO] Using worker: sync
[2019-12-16 18:01:35 +0000] [2653] [INFO] Booting worker with pid: 2653
USED THREADS 1
ANALYZING CHROMOSOME chrM (Total progress: 1.3%)
ANALYZING CHROMOSOME chr8 (Total progress: 2.7%)
ANALYZING CHROMOSOME chr3 (Total progress: 4.0%)
ANALYZING CHROMOSOME chr2 (Total progress: 5.3%)
ANALYZING CHROMOSOME chr16 (Total progress: 6.7%)
ANALYZING CHROMOSOME chr22 (Total progress: 8.0%)
ANALYZING CHROMOSOME chr17 (Total progress: 9.3%)
ANALYZING CHROMOSOME chr1 (Total progress: 10.7%)
ANALYZING CHROMOSOME chr7 (Total progress: 12.0%)
ANALYZING CHROMOSOME chr6 (Total progress: 13.3%)
ANALYZING CHROMOSOME chrY (Total progress: 14.7%)
ANALYZING CHROMOSOME chr4 (Total progress: 16.0%)
ANALYZING CHROMOSOME chr20 (Total progress: 17.3%)
ANALYZING CHROMOSOME chr18 (Total progress: 18.7%)
ANALYZING CHROMOSOME chr5 (Total progress: 20.0%)
ANALYZING CHROMOSOME chr9 (Total progress: 21.3%)
ANALYZING CHROMOSOME chr19 (Total progress: 22.7%)
ANALYZING CHROMOSOME chr12 (Total progress: 24.0%)
ANALYZING CHROMOSOME chr21 (Total progress: 25.3%)
ANALYZING CHROMOSOME chrX (Total progress: 26.7%)
ANALYZING CHROMOSOME chr13 (Total progress: 28.0%)
ANALYZING CHROMOSOME chrX (Total progress: 29.3%)
ANALYZING CHROMOSOME chr15 (Total progress: 30.7%)
ANALYZING CHROMOSOME chrX (Total progress: 32.0%)
ANALYZING CHROMOSOME chr7 (Total progress: 33.3%)
ANALYZING CHROMOSOME chr1 (Total progress: 34.7%)
ANALYZING CHROMOSOME chr1 (Total progress: 36.0%)
ANALYZING CHROMOSOME chr1 (Total progress: 37.3%)
ANALYZING CHROMOSOME chr14 (Total progress: 38.7%)
ANALYZING CHROMOSOME chr17 (Total progress: 40.0%)
ANALYZING CHROMOSOME chr19 (Total progress: 41.3%)
ANALYZING CHROMOSOME chr10 (Total progress: 42.7%)
ANALYZING CHROMOSOME chr1 (Total progress: 44.0%)
ANALYZING CHROMOSOME chr1 (Total progress: 45.3%)
ANALYZING CHROMOSOME chr2 (Total progress: 46.7%)
ANALYZING CHROMOSOME chr5 (Total progress: 48.0%)
ANALYZING CHROMOSOME chr3 (Total progress: 49.3%)
ANALYZING CHROMOSOME chr6 (Total progress: 50.7%)
ANALYZING CHROMOSOME chr17 (Total progress: 52.0%)
ANALYZING CHROMOSOME chr9 (Total progress: 53.3%)
ANALYZING CHROMOSOME chr2 (Total progress: 54.7%)
ANALYZING CHROMOSOME chr4 (Total progress: 56.0%)
ANALYZING CHROMOSOME chr2 (Total progress: 57.3%)
ANALYZING CHROMOSOME chr12 (Total progress: 58.7%)
ANALYZING CHROMOSOME chr7 (Total progress: 60.0%)
ANALYZING CHROMOSOME chr10 (Total progress: 61.3%)
ANALYZING CHROMOSOME chr16 (Total progress: 62.7%)
ANALYZING CHROMOSOME chr9 (Total progress: 64.0%)
ANALYZING CHROMOSOME chr8 (Total progress: 65.3%)
ANALYZING CHROMOSOME chr11 (Total progress: 66.7%)
ANALYZING CHROMOSOME chr2 (Total progress: 68.0%)
ANALYZING CHROMOSOME chr15 (Total progress: 69.3%)
ANALYZING CHROMOSOME chr5 (Total progress: 70.7%)
ANALYZING CHROMOSOME chr4 (Total progress: 72.0%)
ANALYZING CHROMOSOME chr16 (Total progress: 73.3%)
ANALYZING CHROMOSOME chr3 (Total progress: 74.7%)
ANALYZING CHROMOSOME chr12 (Total progress: 76.0%)
ANALYZING CHROMOSOME chr7 (Total progress: 77.3%)
ANALYZING CHROMOSOME chr6 (Total progress: 78.7%)
ANALYZING CHROMOSOME chr3 (Total progress: 80.0%)
ANALYZING CHROMOSOME chr2 (Total progress: 81.3%)
ANALYZING CHROMOSOME chr5 (Total progress: 82.7%)
ANALYZING CHROMOSOME chr22 (Total progress: 84.0%)
ANALYZING CHROMOSOME chr4 (Total progress: 85.3%)
ANALYZING CHROMOSOME chr3 (Total progress: 86.7%)
ANALYZING CHROMOSOME chr10 (Total progress: 88.0%)
ANALYZING CHROMOSOME chr18 (Total progress: 89.3%)
ANALYZING CHROMOSOME chr11 (Total progress: 90.7%)
ANALYZING CHROMOSOME chr11 (Total progress: 92.0%)
ANALYZING CHROMOSOME chr14 (Total progress: 93.3%)
ANALYZING CHROMOSOME chr8 (Total progress: 94.7%)
ANALYZING CHROMOSOME chr6 (Total progress: 96.0%)
ANALYZING CHROMOSOME chr20 (Total progress: 97.3%)
ANALYZING CHROMOSOME chr13 (Total progress: 98.7%)
ANALYZING CHROMOSOME chr8 (Total progress: 100.0%)
-----------------------
TOTAL TIME:	311.7
Search START
Search END
Search runtime: 311.9621617794037 seconds
USED THREADS 1
ANALYZING CHROMOSOME chr16 (Total progress: 1.4%)
ANALYZING CHROMOSOME chrM (Total progress: 2.8%)
ANALYZING CHROMOSOME chr22 (Total progress: 4.2%)
ANALYZING CHROMOSOME chr17 (Total progress: 5.6%)
ANALYZING CHROMOSOME chr7 (Total progress: 7.0%)
ANALYZING CHROMOSOME chr6 (Total progress: 8.5%)
ANALYZING CHROMOSOME chr4 (Total progress: 9.9%)
ANALYZING CHROMOSOME chr5 (Total progress: 11.3%)
ANALYZING CHROMOSOME chrY (Total progress: 12.7%)
ANALYZING CHROMOSOME chr20 (Total progress: 14.1%)
ANALYZING CHROMOSOME chr18 (Total progress: 15.5%)
ANALYZING CHROMOSOME chr9 (Total progress: 16.9%)
ANALYZING CHROMOSOME chr19 (Total progress: 18.3%)
ANALYZING CHROMOSOME chr12 (Total progress: 19.7%)
ANALYZING CHROMOSOME chr13 (Total progress: 21.1%)
ANALYZING CHROMOSOME chr2 (Total progress: 22.5%)
ANALYZING CHROMOSOME chr15 (Total progress: 23.9%)
ANALYZING CHROMOSOME chr21 (Total progress: 25.4%)
ANALYZING CHROMOSOME chr10 (Total progress: 26.8%)
ANALYZING CHROMOSOME chr3 (Total progress: 28.2%)
ANALYZING CHROMOSOME chr14 (Total progress: 29.6%)
ANALYZING CHROMOSOME chr8 (Total progress: 31.0%)
ANALYZING CHROMOSOME chr11 (Total progress: 32.4%)
ANALYZING CHROMOSOME chrX (Total progress: 33.8%)
ANALYZING CHROMOSOME chr1 (Total progress: 35.2%)
ANALYZING CHROMOSOME chr7 (Total progress: 36.6%)
ANALYZING CHROMOSOME chr1 (Total progress: 38.0%)
ANALYZING CHROMOSOME chrX (Total progress: 39.4%)
ANALYZING CHROMOSOME chr1 (Total progress: 40.8%)
ANALYZING CHROMOSOME chr1 (Total progress: 42.3%)
ANALYZING CHROMOSOME chr19 (Total progress: 43.7%)
ANALYZING CHROMOSOME chr7 (Total progress: 45.1%)
ANALYZING CHROMOSOME chr3 (Total progress: 46.5%)
ANALYZING CHROMOSOME chr17 (Total progress: 47.9%)
ANALYZING CHROMOSOME chr4 (Total progress: 49.3%)
ANALYZING CHROMOSOME chr17 (Total progress: 50.7%)
ANALYZING CHROMOSOME chr5 (Total progress: 52.1%)
ANALYZING CHROMOSOME chr5 (Total progress: 53.5%)
ANALYZING CHROMOSOME chr2 (Total progress: 54.9%)
ANALYZING CHROMOSOME chr2 (Total progress: 56.3%)
ANALYZING CHROMOSOME chr6 (Total progress: 57.7%)
ANALYZING CHROMOSOME chr9 (Total progress: 59.2%)
ANALYZING CHROMOSOME chrX (Total progress: 60.6%)
ANALYZING CHROMOSOME chr4 (Total progress: 62.0%)
ANALYZING CHROMOSOME chr2 (Total progress: 63.4%)
ANALYZING CHROMOSOME chr12 (Total progress: 64.8%)
ANALYZING CHROMOSOME chr16 (Total progress: 66.2%)
ANALYZING CHROMOSOME chr16 (Total progress: 67.6%)
ANALYZING CHROMOSOME chr8 (Total progress: 69.0%)
ANALYZING CHROMOSOME chr6 (Total progress: 70.4%)
ANALYZING CHROMOSOME chr10 (Total progress: 71.8%)
ANALYZING CHROMOSOME chr9 (Total progress: 73.2%)
ANALYZING CHROMOSOME chr1 (Total progress: 74.6%)
ANALYZING CHROMOSOME chr11 (Total progress: 76.1%)
ANALYZING CHROMOSOME chr3 (Total progress: 77.5%)
ANALYZING CHROMOSOME chr15 (Total progress: 78.9%)
ANALYZING CHROMOSOME chr7 (Total progress: 80.3%)
ANALYZING CHROMOSOME chr2 (Total progress: 81.7%)
ANALYZING CHROMOSOME chr12 (Total progress: 83.1%)
ANALYZING CHROMOSOME chr22 (Total progress: 84.5%)
ANALYZING CHROMOSOME chr5 (Total progress: 85.9%)
ANALYZING CHROMOSOME chr10 (Total progress: 87.3%)
ANALYZING CHROMOSOME chr4 (Total progress: 88.7%)
ANALYZING CHROMOSOME chr3 (Total progress: 90.1%)
ANALYZING CHROMOSOME chr14 (Total progress: 91.5%)
ANALYZING CHROMOSOME chr11 (Total progress: 93.0%)
ANALYZING CHROMOSOME chr18 (Total progress: 94.4%)
ANALYZING CHROMOSOME chr8 (Total progress: 95.8%)
ANALYZING CHROMOSOME chr6 (Total progress: 97.2%)
ANALYZING CHROMOSOME chr20 (Total progress: 98.6%)
ANALYZING CHROMOSOME chr13 (Total progress: 100.0%)
-----------------------
TOTAL TIME:	253.4
Search START
Search END
Search runtime: 253.52818393707275 seconds
Start creation semicommon, common, unique
End creation semicommon, common, unique
Start cluster common
Created 'Total' and 'Position Cluster' columns: 0.13704204559326172
Targets sorted: 0.03470110893249512
Start clustering
Clustering runtime: 0.1254749298095703 seconds
End cluster common
Start top1 extraction common
End top1 extraction common
Start cluster semicommon
Created 'Total' and 'Position Cluster' columns: 0.566378116607666
Targets sorted: 0.1510012149810791
Start clustering
Clustering runtime: 0.5681214332580566 seconds
End cluster semicommon
Start cluster unique
Created 'Total' and 'Position Cluster' columns: 0.12124991416931152
Targets sorted: 0.02953958511352539
Start clustering
Clustering runtime: 0.10859107971191406 seconds
End cluster unique
Start pam analysis
End pam analysis
Start pam creation
Created bedfile: 0.05957770347595215
Bedtools DONE: 39.62072038650513
Done 0.10240840911865234
End pam creation
Start cluster of total.txt
Loaded targets:  0.49523353576660156
Targets sorted: 0.057906389236450195
Start clustering
Clustering runtime: 0.5453221797943115 seconds
End cluster of total.txt
Start extract top1 total.txt
End extract top1 total.txt
Start Scoring
End Scoring
Start summary by guide and position
End summary by guide and position
Start sort
End sort
Start calc samples
Done  no
Load chr1 done 36.22176933288574
Done  chr1
Load chr10 done 25.728551864624023
Done  chr10
Load chr11 done 23.175079345703125
Done  chr11
Load chr12 done 23.472522020339966
Done  chr12
Load chr13 done 18.311651706695557
Done  chr13
Load chr14 done 16.60369300842285
Done  chr14
Load chr15 done 12.929129838943481
Done  chr15
Load chr16 done 14.105228900909424
Done  chr16
Load chr17 done 12.171456575393677
Done  chr17
Load chr18 done 12.827402591705322
Done  chr18
Load chr19 done 10.203754425048828
Done  chr19
Load chr2 done 40.12635254859924
Done  chr2
Load chr20 done 10.31687307357788
Done  chr20
Load chr21 done 6.122108221054077
Done  chr21
Load chr22 done 6.394949913024902
Done  chr22
Load chr3 done 32.787195682525635
Done  chr3
Load chr4 done 34.14050102233887
Done  chr4
Load chr5 done 28.269760131835938
Done  chr5
Load chr6 done 30.44836187362671
Done  chr6
Load chr7 done 25.79948353767395
Done  chr7
Load chr8 done 25.04348397254944
Done  chr8
Load chr9 done 19.418383598327637
Done  chr9
Load chrX done 1.0792415142059326
Done
0
End calc samples
Start summary by samples
End summary by samples
Start creating final file
End creating final file
Start Annotation
READING INPUT FILES
EXECUTING PRELIMINARY OPERATIONS
PRELIMINARY OPERATIONS COMPLETED IN: 47.0022451877594 seconds
EXECUTING ANNOTATION
Annotation: Total progress 10.0%
Annotation: Total progress 20.0%
Annotation: Total progress 30.0%
Annotation: Total progress 40.0%
Annotation: Total progress 50.0%
Annotation: Total progress 60.0%
Annotation: Total progress 70.0%
Annotation: Total progress 80.0%
Annotation: Total progress 90.0%
Annotation: Total progress 100%
ANNOTATION COMPLETED IN: 17.775781393051147 seconds
Annotation START
Annotation END
Annotation runtime: 68.10025525093079 seconds
End Annotation
USED THREADS 8
ANALYZING CHROMOSOME chr8 (Total progress: 3.7%)
ANALYZING CHROMOSOME chr4 (Total progress: 7.4%)
ANALYZING CHROMOSOME chr14 (Total progress: 11.1%)
ANALYZING CHROMOSOME chrY (Total progress: 14.8%)
ANALYZING CHROMOSOME chr7 (Total progress: 18.5%)
ANALYZING CHROMOSOME chr7 (Total progress: 22.2%)
ANALYZING CHROMOSOME chr1 (Total progress: 25.9%)
ANALYZING CHROMOSOME chr1 (Total progress: 29.6%)
ANALYZING CHROMOSOME chr6 (Total progress: 33.3%)
ANALYZING CHROMOSOME chr21 (Total progress: 37.0%)
ANALYZING CHROMOSOME chr16 (Total progress: 40.7%)
ANALYZING CHROMOSOME chr11 (Total progress: 44.4%)
ANALYZING CHROMOSOME chr2 (Total progress: 48.1%)
ANALYZING CHROMOSOME chr3 (Total progress: 51.9%)
ANALYZING CHROMOSOME chr22 (Total progress: 55.6%)
ANALYZING CHROMOSOME chr17 (Total progress: 59.3%)
ANALYZING CHROMOSOME chr20 (Total progress: 63.0%)
ANALYZING CHROMOSOME chr5 (Total progress: 66.7%)
ANALYZING CHROMOSOME chr13 (Total progress: 70.4%)
ANALYZING CHROMOSOME chr18 (Total progress: 74.1%)
ANALYZING CHROMOSOME chr9 (Total progress: 77.8%)
ANALYZING CHROMOSOME chrX (Total progress: 81.5%)
ANALYZING CHROMOSOME chr12 (Total progress: 85.2%)
ANALYZING CHROMOSOME chr15 (Total progress: 88.9%)
ANALYZING CHROMOSOME chrM (Total progress: 92.6%)
ANALYZING CHROMOSOME chr19 (Total progress: 96.3%)
ANALYZING CHROMOSOME chr10 (Total progress: 100.0%)
TOTAL TIME: 31.7
Search START
Search END
Search runtime: 31.89270853996277 seconds
Start cluster var
Created 'Total' and 'Position Cluster' columns: 0.0028798580169677734
Targets sorted: 0.0002338886260986328
Start clustering
Clustering runtime: 0.0017266273498535156 seconds
End cluster var
Start extraction top1 var
End extraction top1 var
Start Scoring
End Scoring
Start pam analysis
End pam analysis
Start extract top1
End extract top1
Start sort
End sort
Start calc samples
Done  no
Load chr1 done 38.56778812408447
Done  chr1
Load chr10 done 24.878626823425293
Done  chr10
Load chr11 done 23.861577033996582
Done  chr11
Load chr12 done 22.481050729751587
Done  chr12
Load chr13 done 17.359246730804443
Done  chr13
Load chr14 done 14.465926170349121
Done  chr14
Load chr15 done 13.526667356491089
Done  chr15
Load chr16 done 14.725489616394043
Done  chr16
Load chr17 done 12.365889549255371
Done  chr17
Load chr18 done 13.840741157531738
Done  chr18
Load chr19 done 10.170732021331787
Done  chr19
Load chr2 done 40.40848708152771
Done  chr2
Load chr20 done 10.640928745269775
Done  chr20
Load chr21 done 5.84562349319458
Done  chr21
Load chr22 done 5.290622234344482
Done  chr22
Load chr3 done 34.486469745635986
Done  chr3
Load chr4 done 35.68883490562439
Done  chr4
Load chr5 done 28.992233753204346
Done  chr5
Load chr6 done 30.635438442230225
Done  chr6
Load chr7 done 26.30344271659851
Done  chr7
Load chr8 done 25.216650247573853
Done  chr8
Load chr9 done 19.428034782409668
Done  chr9
Load chrX done 1.0712628364562988
Done
0
End calc samples
Start summary by samples
End summary by samples
Start creating final file
End creating final file
Start Annotation
READING INPUT FILES
EXECUTING PRELIMINARY OPERATIONS
PRELIMINARY OPERATIONS COMPLETED IN: 47.2754008769989 seconds
EXECUTING ANNOTATION
Annotation: Total progress 9.96%
Annotation: Total progress 19.91%
Annotation: Total progress 29.87%
Annotation: Total progress 39.83%
Annotation: Total progress 49.78%
Annotation: Total progress 59.74%
Annotation: Total progress 69.7%
Annotation: Total progress 79.65%
Annotation: Total progress 89.61%
Annotation: Total progress 99.57%
Annotation: Total progress 100%
ANNOTATION COMPLETED IN: 0.3413240909576416 seconds
Annotation START
Annotation END
Annotation runtime: 50.8066189289093 seconds
End Annotation
[]
Guide 2
CFD 2
Doench 2016 2
Total On-Targets 1
Total Off-Targets 2
col_targetfor 2
2
[]
Guide 2
CFD 2
Doench 2016 2
Total On-Targets 1
Total Off-Targets 2
col_targetfor 2
2
qui
[]
Guide 2
CFD 2
Doench 2016 2
Total On-Targets 1
Total Off-Targets 2
col_targetfor 2
0
Exception on /_dash-update-component [POST]
Traceback (most recent call last):
  File "/home/ubuntu/miniconda3/lib/python3.6/site-packages/flask/app.py", line 2446, in wsgi_app
    response = self.full_dispatch_request()
  File "/home/ubuntu/miniconda3/lib/python3.6/site-packages/flask/app.py", line 1951, in full_dispatch_request
    rv = self.handle_user_exception(e)
  File "/home/ubuntu/miniconda3/lib/python3.6/site-packages/flask/app.py", line 1820, in handle_user_exception
    reraise(exc_type, exc_value, tb)
  File "/home/ubuntu/miniconda3/lib/python3.6/site-packages/flask/_compat.py", line 39, in reraise
    raise value
  File "/home/ubuntu/miniconda3/lib/python3.6/site-packages/flask/app.py", line 1949, in full_dispatch_request
    rv = self.dispatch_request()
  File "/home/ubuntu/miniconda3/lib/python3.6/site-packages/flask/app.py", line 1935, in dispatch_request
    return self.view_functions[rule.endpoint](**req.view_args)
  File "/home/ubuntu/miniconda3/lib/python3.6/site-packages/dash/dash.py", line 1371, in dispatch
    response.set_data(self.callback_map[output]["callback"](*args))
  File "/home/ubuntu/miniconda3/lib/python3.6/site-packages/dash/dash.py", line 1251, in add_context
    output_value = func(*args, **kwargs)  # %% callback invoked %%
  File "/attachedvolume/CrispritzWebApp/app_v6.py", line 1760, in updateImagesTabs
    guide = all_guides[int(sel_cel[0]['row'])]['Guide']
IndexError: list index out of range
Exception on /_dash-update-component [POST]
Traceback (most recent call last):
  File "/home/ubuntu/miniconda3/lib/python3.6/site-packages/flask/app.py", line 2446, in wsgi_app
    response = self.full_dispatch_request()
  File "/home/ubuntu/miniconda3/lib/python3.6/site-packages/flask/app.py", line 1951, in full_dispatch_request
    rv = self.handle_user_exception(e)
  File "/home/ubuntu/miniconda3/lib/python3.6/site-packages/flask/app.py", line 1820, in handle_user_exception
    reraise(exc_type, exc_value, tb)
  File "/home/ubuntu/miniconda3/lib/python3.6/site-packages/flask/_compat.py", line 39, in reraise
    raise value
  File "/home/ubuntu/miniconda3/lib/python3.6/site-packages/flask/app.py", line 1949, in full_dispatch_request
    rv = self.dispatch_request()
  File "/home/ubuntu/miniconda3/lib/python3.6/site-packages/flask/app.py", line 1935, in dispatch_request
    return self.view_functions[rule.endpoint](**req.view_args)
  File "/home/ubuntu/miniconda3/lib/python3.6/site-packages/dash/dash.py", line 1371, in dispatch
    response.set_data(self.callback_map[output]["callback"](*args))
  File "/home/ubuntu/miniconda3/lib/python3.6/site-packages/dash/dash.py", line 1251, in add_context
    output_value = func(*args, **kwargs)  # %% callback invoked %%
  File "/attachedvolume/CrispritzWebApp/app_v6.py", line 1760, in updateImagesTabs
    guide = all_guides[int(sel_cel[0]['row'])]['Guide']
IndexError: list index out of range
Exception on /_dash-update-component [POST]
Traceback (most recent call last):
  File "/home/ubuntu/miniconda3/lib/python3.6/site-packages/flask/app.py", line 2446, in wsgi_app
    response = self.full_dispatch_request()
  File "/home/ubuntu/miniconda3/lib/python3.6/site-packages/flask/app.py", line 1951, in full_dispatch_request
    rv = self.handle_user_exception(e)
  File "/home/ubuntu/miniconda3/lib/python3.6/site-packages/flask/app.py", line 1820, in handle_user_exception
    reraise(exc_type, exc_value, tb)
  File "/home/ubuntu/miniconda3/lib/python3.6/site-packages/flask/_compat.py", line 39, in reraise
    raise value
  File "/home/ubuntu/miniconda3/lib/python3.6/site-packages/flask/app.py", line 1949, in full_dispatch_request
    rv = self.dispatch_request()
  File "/home/ubuntu/miniconda3/lib/python3.6/site-packages/flask/app.py", line 1935, in dispatch_request
    return self.view_functions[rule.endpoint](**req.view_args)
  File "/home/ubuntu/miniconda3/lib/python3.6/site-packages/dash/dash.py", line 1371, in dispatch
    response.set_data(self.callback_map[output]["callback"](*args))
  File "/home/ubuntu/miniconda3/lib/python3.6/site-packages/dash/dash.py", line 1251, in add_context
    output_value = func(*args, **kwargs)  # %% callback invoked %%
  File "/attachedvolume/CrispritzWebApp/app_v6.py", line 1760, in updateImagesTabs
    guide = all_guides[int(sel_cel[0]['row'])]['Guide']
IndexError: list index out of range
[]
Guide 2
CFD 2
Doench 2016 2
Total On-Targets 1
Total Off-Targets 2
col_targetfor 2
2
Exception on /_dash-update-component [POST]
Traceback (most recent call last):
  File "/home/ubuntu/miniconda3/lib/python3.6/site-packages/flask/app.py", line 2446, in wsgi_app
    response = self.full_dispatch_request()
  File "/home/ubuntu/miniconda3/lib/python3.6/site-packages/flask/app.py", line 1951, in full_dispatch_request
    rv = self.handle_user_exception(e)
  File "/home/ubuntu/miniconda3/lib/python3.6/site-packages/flask/app.py", line 1820, in handle_user_exception
    reraise(exc_type, exc_value, tb)
  File "/home/ubuntu/miniconda3/lib/python3.6/site-packages/flask/_compat.py", line 39, in reraise
    raise value
  File "/home/ubuntu/miniconda3/lib/python3.6/site-packages/flask/app.py", line 1949, in full_dispatch_request
    rv = self.dispatch_request()
  File "/home/ubuntu/miniconda3/lib/python3.6/site-packages/flask/app.py", line 1935, in dispatch_request
    return self.view_functions[rule.endpoint](**req.view_args)
  File "/home/ubuntu/miniconda3/lib/python3.6/site-packages/dash/dash.py", line 1371, in dispatch
    response.set_data(self.callback_map[output]["callback"](*args))
  File "/home/ubuntu/miniconda3/lib/python3.6/site-packages/dash/dash.py", line 1251, in add_context
    output_value = func(*args, **kwargs)  # %% callback invoked %%
  File "/attachedvolume/CrispritzWebApp/app_v6.py", line 1760, in updateImagesTabs
    guide = all_guides[int(sel_cel[0]['row'])]['Guide']
IndexError: list index out of range
Exception on /_dash-update-component [POST]
Traceback (most recent call last):
  File "/home/ubuntu/miniconda3/lib/python3.6/site-packages/flask/app.py", line 2446, in wsgi_app
    response = self.full_dispatch_request()
  File "/home/ubuntu/miniconda3/lib/python3.6/site-packages/flask/app.py", line 1951, in full_dispatch_request
    rv = self.handle_user_exception(e)
  File "/home/ubuntu/miniconda3/lib/python3.6/site-packages/flask/app.py", line 1820, in handle_user_exception
    reraise(exc_type, exc_value, tb)
  File "/home/ubuntu/miniconda3/lib/python3.6/site-packages/flask/_compat.py", line 39, in reraise
    raise value
  File "/home/ubuntu/miniconda3/lib/python3.6/site-packages/flask/app.py", line 1949, in full_dispatch_request
    rv = self.dispatch_request()
  File "/home/ubuntu/miniconda3/lib/python3.6/site-packages/flask/app.py", line 1935, in dispatch_request
    return self.view_functions[rule.endpoint](**req.view_args)
  File "/home/ubuntu/miniconda3/lib/python3.6/site-packages/dash/dash.py", line 1371, in dispatch
    response.set_data(self.callback_map[output]["callback"](*args))
  File "/home/ubuntu/miniconda3/lib/python3.6/site-packages/dash/dash.py", line 1251, in add_context
    output_value = func(*args, **kwargs)  # %% callback invoked %%
  File "/attachedvolume/CrispritzWebApp/app_v6.py", line 1760, in updateImagesTabs
    guide = all_guides[int(sel_cel[0]['row'])]['Guide']
IndexError: list index out of range
[2019-12-16 20:34:15 +0000] [2650] [INFO] Handling signal: term
[2019-12-16 20:34:15 +0000] [2653] [INFO] Worker exiting (pid: 2653)
qui
qui
qui
qui
qui
qui
qui
qui
qui
qui
qui
qui
qui
qui
qui
qui
qui
qui
qui
[]
Guide 2
CFD 2
Doench 2016 2
Total On-Targets 1
Total Off-Targets 2
col_targetfor 2
2
qui
qui
[2019-12-16 20:34:15 +0000] [2650] [INFO] Shutting down: Master
